[Info  - 20:18:20.233] Started security hotspot handler on port 64120
[Info  - 20:23:12.094] Analyzing file 'file:///mnt/hgfs/georgezhang/leetcode/java/hello.java'...
[Info  - 20:23:35.081] Found 4 issues
[Info  - 20:23:35.090] Analyzing file 'file:///mnt/hgfs/georgezhang/leetcode/java/hello.java'...
[Info  - 20:23:35.495] Found 4 issues
[Info  - 20:23:35.498] Analyzing file 'file:///mnt/hgfs/georgezhang/leetcode/java/hello.java'...
[Info  - 20:23:36.159] Found 4 issues
[Info  - 20:24:20.134] Analyzing file 'file:///mnt/hgfs/georgezhang/leetcode/java/hello.java'...
[Info  - 20:24:21.499] Found 0 issues
[Info  - 20:24:22.501] Analyzing file 'file:///mnt/hgfs/georgezhang/leetcode/java/hello.java'...
[Info  - 20:24:24.026] Found 5 issues
[Info  - 20:25:04.383] Analyzing file 'file:///mnt/hgfs/georgezhang/leetcode/java/hello.java'...
[Info  - 20:25:05.012] Found 5 issues
[Info  - 20:25:59.529] Analyzing file 'file:///mnt/hgfs/georgezhang/leetcode/java/hello.java'...
[Info  - 20:25:59.810] Found 0 issues
[Info  - 20:26:00.348] Analyzing file 'file:///mnt/hgfs/georgezhang/leetcode/java/hello.java'...
[Info  - 20:26:01.443] Found 5 issues
[Info  - 20:26:01.444] Analyzing file 'file:///mnt/hgfs/georgezhang/leetcode/java/hello.java'...
[Info  - 20:26:02.846] Found 5 issues
[Info  - 20:29:42.197] Analyzing file 'file:///mnt/hgfs/georgezhang/leetcode/java/HelloWorld.java'...
[Info  - 20:29:42.889] Found 1 issue
[Info  - 20:30:55.969] Analyzing file 'file:///mnt/hgfs/georgezhang/leetcode/java/HelloWorld.java'...
[Info  - 20:30:56.442] Found 1 issue
[Info  - 20:30:57.865] Analyzing file 'file:///mnt/hgfs/georgezhang/leetcode/java/HelloWorld.java'...
[Info  - 20:30:58.384] Found 1 issue
[Info  - 20:30:59.906] Analyzing file 'file:///mnt/hgfs/georgezhang/leetcode/java/HelloWorld.java'...
[Info  - 20:31:00.518] Found 1 issue
[Info  - 20:31:57.151] Analyzing file 'file:///mnt/hgfs/georgezhang/leetcode/java/HelloWorld.java'...
[Info  - 20:31:57.529] Found 1 issue
