[2022-04-29 01:13:37.360] [exthost] [info] extension host started
[2022-04-29 01:13:37.897] [exthost] [info] ExtensionService#_doActivateExtension vscode.microsoft-authentication {"startup":false,"extensionId":{"value":"vscode.microsoft-authentication","_lower":"vscode.microsoft-authentication"},"activationEvent":"onAuthenticationRequest:microsoft"}
[2022-04-29 01:13:37.897] [exthost] [info] ExtensionService#loadCommonJSModule file:///usr/share/code/resources/app/extensions/microsoft-authentication/dist/extension.js
[2022-04-29 01:13:37.944] [exthost] [info] ExtensionService#_doActivateExtension ms-vscode.js-debug {"startup":false,"extensionId":{"value":"ms-vscode.js-debug","_lower":"ms-vscode.js-debug"},"activationEvent":"onDebugDynamicConfigurations"}
[2022-04-29 01:13:37.944] [exthost] [info] ExtensionService#loadCommonJSModule file:///usr/share/code/resources/app/extensions/ms-vscode.js-debug/src/extension.js
[2022-04-29 01:13:38.332] [exthost] [info] ExtensionService#_doActivateExtension georgewfraser.vscode-javac {"startup":false,"extensionId":{"value":"georgewfraser.vscode-javac","_lower":"georgewfraser.vscode-javac"},"activationEvent":"onDebug"}
[2022-04-29 01:13:38.332] [exthost] [info] ExtensionService#loadCommonJSModule file:///home/georgezhang/.vscode/extensions/georgewfraser.vscode-javac-0.2.39/out/lib/extension
[2022-04-29 01:13:38.432] [exthost] [info] ExtensionService#_doActivateExtension ajshort.include-autocomplete {"startup":false,"extensionId":{"value":"ajshort.include-autocomplete","_lower":"ajshort.include-autocomplete"},"activationEvent":"onLanguage:cpp"}
[2022-04-29 01:13:38.433] [exthost] [info] ExtensionService#loadCommonJSModule file:///home/georgezhang/.vscode/extensions/ajshort.include-autocomplete-0.0.4/out/src/extension
[2022-04-29 01:13:38.436] [exthost] [info] ExtensionService#_doActivateExtension amiralizadeh9480.cpp-helper {"startup":false,"extensionId":{"value":"amiralizadeh9480.cpp-helper","_lower":"amiralizadeh9480.cpp-helper"},"activationEvent":"onLanguage:cpp"}
[2022-04-29 01:13:38.436] [exthost] [info] ExtensionService#loadCommonJSModule file:///home/georgezhang/.vscode/extensions/amiralizadeh9480.cpp-helper-0.3.1/out/extension.js
[2022-04-29 01:13:38.438] [exthost] [info] ExtensionService#_doActivateExtension austin.code-gnu-global {"startup":false,"extensionId":{"value":"austin.code-gnu-global","_lower":"austin.code-gnu-global"},"activationEvent":"onLanguage:cpp"}
[2022-04-29 01:13:38.441] [exthost] [info] ExtensionService#loadCommonJSModule file:///home/georgezhang/.vscode/extensions/austin.code-gnu-global-0.2.2/out/src/extension
[2022-04-29 01:13:38.492] [exthost] [info] ExtensionService#_doActivateExtension cschlosser.doxdocgen {"startup":false,"extensionId":{"value":"cschlosser.doxdocgen","_lower":"cschlosser.doxdocgen"},"activationEvent":"onLanguage:cpp"}
[2022-04-29 01:13:38.492] [exthost] [info] ExtensionService#loadCommonJSModule file:///home/georgezhang/.vscode/extensions/cschlosser.doxdocgen-1.1.0/out/extension
[2022-04-29 01:13:38.707] [exthost] [info] ExtensionService#_doActivateExtension llvm-vs-code-extensions.vscode-clangd {"startup":false,"extensionId":{"value":"llvm-vs-code-extensions.vscode-clangd","_lower":"llvm-vs-code-extensions.vscode-clangd"},"activationEvent":"onLanguage:cpp"}
[2022-04-29 01:13:38.707] [exthost] [info] ExtensionService#loadCommonJSModule file:///home/georgezhang/.vscode/extensions/llvm-vs-code-extensions.vscode-clangd-0.1.8/out/src/extension
[2022-04-29 01:13:38.985] [exthost] [info] ExtensionService#_doActivateExtension mitaki28.vscode-clang {"startup":false,"extensionId":{"value":"mitaki28.vscode-clang","_lower":"mitaki28.vscode-clang"},"activationEvent":"onLanguage:cpp"}
[2022-04-29 01:13:38.985] [exthost] [info] ExtensionService#loadCommonJSModule file:///home/georgezhang/.vscode/extensions/mitaki28.vscode-clang-0.2.3/out/src/extension
[2022-04-29 01:13:38.992] [exthost] [info] ExtensionService#_doActivateExtension ms-vscode.cpptools {"startup":false,"extensionId":{"value":"ms-vscode.cpptools","_lower":"ms-vscode.cpptools"},"activationEvent":"onLanguage:cpp"}
[2022-04-29 01:13:38.992] [exthost] [info] ExtensionService#loadCommonJSModule file:///home/georgezhang/.vscode/extensions/ms-vscode.cpptools-1.1.3/dist/main
[2022-04-29 01:13:39.088] [exthost] [info] ExtensionService#_doActivateExtension vscode.configuration-editing {"startup":false,"extensionId":{"value":"vscode.configuration-editing","_lower":"vscode.configuration-editing"},"activationEvent":"onLanguage:jsonc"}
[2022-04-29 01:13:39.088] [exthost] [info] ExtensionService#loadCommonJSModule file:///usr/share/code/resources/app/extensions/configuration-editing/dist/configurationEditingMain
[2022-04-29 01:13:39.090] [exthost] [info] ExtensionService#_doActivateExtension vscode.json-language-features {"startup":false,"extensionId":{"value":"vscode.json-language-features","_lower":"vscode.json-language-features"},"activationEvent":"onLanguage:jsonc"}
[2022-04-29 01:13:39.090] [exthost] [info] ExtensionService#loadCommonJSModule file:///usr/share/code/resources/app/extensions/json-language-features/client/dist/node/jsonClientMain
[2022-04-29 01:13:39.099] [exthost] [info] ExtensionService#_doActivateExtension vscode.typescript-language-features {"startup":false,"extensionId":{"value":"vscode.typescript-language-features","_lower":"vscode.typescript-language-features"},"activationEvent":"onLanguage:jsonc"}
[2022-04-29 01:13:39.099] [exthost] [info] ExtensionService#loadCommonJSModule file:///usr/share/code/resources/app/extensions/typescript-language-features/dist/extension
[2022-04-29 01:13:39.108] [exthost] [info] ExtensionService#_doActivateExtension vscode.debug-auto-launch {"startup":true,"extensionId":{"value":"vscode.debug-auto-launch","_lower":"vscode.debug-auto-launch"},"activationEvent":"*"}
[2022-04-29 01:13:39.108] [exthost] [info] ExtensionService#loadCommonJSModule file:///usr/share/code/resources/app/extensions/debug-auto-launch/dist/extension
[2022-04-29 01:13:39.109] [exthost] [info] ExtensionService#_doActivateExtension vscode.emmet {"startup":true,"extensionId":{"value":"vscode.emmet","_lower":"vscode.emmet"},"activationEvent":"*"}
[2022-04-29 01:13:39.110] [exthost] [info] ExtensionService#loadCommonJSModule file:///usr/share/code/resources/app/extensions/emmet/dist/node/emmetNodeMain
[2022-04-29 01:13:39.148] [exthost] [info] ExtensionService#_doActivateExtension vscode.git {"startup":true,"extensionId":{"value":"vscode.github","_lower":"vscode.github"},"activationEvent":"*"}
[2022-04-29 01:13:39.149] [exthost] [info] ExtensionService#loadCommonJSModule file:///usr/share/code/resources/app/extensions/git/dist/main
[2022-04-29 01:13:39.248] [exthost] [info] ExtensionService#_doActivateExtension vscode.merge-conflict {"startup":true,"extensionId":{"value":"vscode.merge-conflict","_lower":"vscode.merge-conflict"},"activationEvent":"*"}
[2022-04-29 01:13:39.248] [exthost] [info] ExtensionService#loadCommonJSModule file:///usr/share/code/resources/app/extensions/merge-conflict/dist/mergeConflictMain
[2022-04-29 01:13:39.250] [exthost] [info] ExtensionService#_doActivateExtension vscode.search-result {"startup":true,"extensionId":{"value":"vscode.search-result","_lower":"vscode.search-result"},"activationEvent":"*"}
[2022-04-29 01:13:39.250] [exthost] [info] ExtensionService#loadCommonJSModule file:///usr/share/code/resources/app/extensions/search-result/dist/extension.js
[2022-04-29 01:13:39.250] [exthost] [info] ExtensionService#_doActivateExtension byi8220.indented-block-highlighting {"startup":true,"extensionId":{"value":"byi8220.indented-block-highlighting","_lower":"byi8220.indented-block-highlighting"},"activationEvent":"*"}
[2022-04-29 01:13:39.251] [exthost] [info] ExtensionService#loadCommonJSModule file:///home/georgezhang/.vscode/extensions/byi8220.indented-block-highlighting-1.0.7/out/extension
[2022-04-29 01:13:39.253] [exthost] [info] ExtensionService#_doActivateExtension Durzn.brackethighlighter {"startup":true,"extensionId":{"value":"Durzn.brackethighlighter","_lower":"durzn.brackethighlighter"},"activationEvent":"*"}
[2022-04-29 01:13:39.253] [exthost] [info] ExtensionService#loadCommonJSModule file:///home/georgezhang/.vscode/extensions/durzn.brackethighlighter-2.2.4/out/extension.js
[2022-04-29 01:13:39.259] [exthost] [info] ExtensionService#_doActivateExtension Equinusocio.vsc-material-theme {"startup":true,"extensionId":{"value":"Equinusocio.vsc-material-theme","_lower":"equinusocio.vsc-material-theme"},"activationEvent":"*"}
[2022-04-29 01:13:39.259] [exthost] [info] ExtensionService#loadCommonJSModule file:///home/georgezhang/.vscode/extensions/equinusocio.vsc-material-theme-33.0.0/build/material.theme.config
[2022-04-29 01:13:39.265] [exthost] [info] ExtensionService#_doActivateExtension equinusocio.vsc-material-theme-icons {"startup":true,"extensionId":{"value":"equinusocio.vsc-material-theme-icons","_lower":"equinusocio.vsc-material-theme-icons"},"activationEvent":"*"}
[2022-04-29 01:13:39.265] [exthost] [info] ExtensionService#loadCommonJSModule file:///home/georgezhang/.vscode/extensions/equinusocio.vsc-material-theme-icons-1.2.2/out/src/extension
[2022-04-29 01:13:39.272] [exthost] [info] ExtensionService#_doActivateExtension hiro-sun.vscode-emacs {"startup":true,"extensionId":{"value":"hiro-sun.vscode-emacs","_lower":"hiro-sun.vscode-emacs"},"activationEvent":"*"}
[2022-04-29 01:13:39.272] [exthost] [info] ExtensionService#loadCommonJSModule file:///home/georgezhang/.vscode/extensions/hiro-sun.vscode-emacs-0.1.1/out/src/extension
[2022-04-29 01:13:39.274] [exthost] [info] ExtensionService#_doActivateExtension imagio.vscode-dimmer-block {"startup":true,"extensionId":{"value":"imagio.vscode-dimmer-block","_lower":"imagio.vscode-dimmer-block"},"activationEvent":"*"}
[2022-04-29 01:13:39.274] [exthost] [info] ExtensionService#loadCommonJSModule file:///home/georgezhang/.vscode/extensions/imagio.vscode-dimmer-block-2.2.0/out/src/extension
[2022-04-29 01:13:39.276] [exthost] [info] ExtensionService#_doActivateExtension lfs.vscode-emacs-friendly {"startup":true,"extensionId":{"value":"lfs.vscode-emacs-friendly","_lower":"lfs.vscode-emacs-friendly"},"activationEvent":"*"}
[2022-04-29 01:13:39.276] [exthost] [info] ExtensionService#loadCommonJSModule file:///home/georgezhang/.vscode/extensions/lfs.vscode-emacs-friendly-0.9.0/out/src/extension
[2022-04-29 01:13:39.278] [exthost] [info] ExtensionService#_doActivateExtension mhutchie.git-graph {"startup":true,"extensionId":{"value":"mhutchie.git-graph","_lower":"mhutchie.git-graph"},"activationEvent":"*"}
[2022-04-29 01:13:39.278] [exthost] [info] ExtensionService#loadCommonJSModule file:///home/georgezhang/.vscode/extensions/mhutchie.git-graph-1.30.0/out/extension.js
[2022-04-29 01:13:39.298] [exthost] [info] ExtensionService#_doActivateExtension PKief.material-icon-theme {"startup":true,"extensionId":{"value":"PKief.material-icon-theme","_lower":"pkief.material-icon-theme"},"activationEvent":"*"}
[2022-04-29 01:13:39.298] [exthost] [info] ExtensionService#loadCommonJSModule file:///home/georgezhang/.vscode/extensions/pkief.material-icon-theme-4.4.0/dist/extension
[2022-04-29 01:13:39.315] [exthost] [info] ExtensionService#_doActivateExtension rafaelmaiolla.remote-vscode {"startup":true,"extensionId":{"value":"rafaelmaiolla.remote-vscode","_lower":"rafaelmaiolla.remote-vscode"},"activationEvent":"*"}
[2022-04-29 01:13:39.315] [exthost] [info] ExtensionService#loadCommonJSModule file:///home/georgezhang/.vscode/extensions/rafaelmaiolla.remote-vscode-1.1.0/out/src/extension
[2022-04-29 01:13:39.362] [exthost] [info] ExtensionService#_doActivateExtension Shan.code-settings-sync {"startup":true,"extensionId":{"value":"Shan.code-settings-sync","_lower":"shan.code-settings-sync"},"activationEvent":"*"}
[2022-04-29 01:13:39.362] [exthost] [info] ExtensionService#loadCommonJSModule file:///home/georgezhang/.vscode/extensions/shan.code-settings-sync-3.4.3/out/extension.js
[2022-04-29 01:13:39.467] [exthost] [info] ExtensionService#_doActivateExtension shardulm94.trailing-spaces {"startup":true,"extensionId":{"value":"shardulm94.trailing-spaces","_lower":"shardulm94.trailing-spaces"},"activationEvent":"*"}
[2022-04-29 01:13:39.467] [exthost] [info] ExtensionService#loadCommonJSModule file:///home/georgezhang/.vscode/extensions/shardulm94.trailing-spaces-0.3.1/out/src/extension
[2022-04-29 01:13:39.480] [exthost] [info] ExtensionService#_doActivateExtension SirTori.indenticator {"startup":true,"extensionId":{"value":"SirTori.indenticator","_lower":"sirtori.indenticator"},"activationEvent":"*"}
[2022-04-29 01:13:39.480] [exthost] [info] ExtensionService#loadCommonJSModule file:///home/georgezhang/.vscode/extensions/sirtori.indenticator-0.7.0/out/src/extension
[2022-04-29 01:13:39.481] [exthost] [info] ExtensionService#_doActivateExtension wayou.vscode-todo-highlight {"startup":true,"extensionId":{"value":"wayou.vscode-todo-highlight","_lower":"wayou.vscode-todo-highlight"},"activationEvent":"*"}
[2022-04-29 01:13:39.481] [exthost] [info] ExtensionService#loadCommonJSModule file:///home/georgezhang/.vscode/extensions/wayou.vscode-todo-highlight-1.0.5/src/extension
[2022-04-29 01:13:39.483] [exthost] [info] ExtensionService#_doActivateExtension xulion.codescope {"startup":true,"extensionId":{"value":"xulion.codescope","_lower":"xulion.codescope"},"activationEvent":"*"}
[2022-04-29 01:13:39.483] [exthost] [info] ExtensionService#loadCommonJSModule file:///home/georgezhang/.vscode/extensions/xulion.codescope-0.2.0/out/extension
[2022-04-29 01:13:39.497] [exthost] [info] ExtensionService#_doActivateExtension ybaumes.highlight-trailing-white-spaces {"startup":true,"extensionId":{"value":"ybaumes.highlight-trailing-white-spaces","_lower":"ybaumes.highlight-trailing-white-spaces"},"activationEvent":"*"}
[2022-04-29 01:13:39.497] [exthost] [info] ExtensionService#loadCommonJSModule file:///home/georgezhang/.vscode/extensions/ybaumes.highlight-trailing-white-spaces-0.0.2/out/src/extension
[2022-04-29 01:13:39.715] [exthost] [error] Activating extension lfs.vscode-emacs-friendly failed due to an error:
[2022-04-29 01:13:39.715] [exthost] [error] Error: command 'emacs.C-g' already exists
	at _.registerCommand (/usr/share/code/resources/app/out/vs/workbench/services/extensions/node/extensionHostProcess.js:693:559)
	at Object.registerCommand (/usr/share/code/resources/app/out/vs/workbench/services/extensions/node/extensionHostProcess.js:988:219)
	at registerCommand (/home/georgezhang/.vscode/extensions/lfs.vscode-emacs-friendly-0.9.0/out/src/extension.js:78:28)
	at /home/georgezhang/.vscode/extensions/lfs.vscode-emacs-friendly-0.9.0/out/src/extension.js:23:36
	at Array.forEach (<anonymous>)
	at activate (/home/georgezhang/.vscode/extensions/lfs.vscode-emacs-friendly-0.9.0/out/src/extension.js:22:17)
	at Function._callActivateOptional (/usr/share/code/resources/app/out/vs/workbench/services/extensions/node/extensionHostProcess.js:927:841)
	at Function._callActivate (/usr/share/code/resources/app/out/vs/workbench/services/extensions/node/extensionHostProcess.js:927:492)
	at /usr/share/code/resources/app/out/vs/workbench/services/extensions/node/extensionHostProcess.js:925:841
	at processTicksAndRejections (internal/process/task_queues.js:94:5)
	at async Promise.all (index 11)
	at async Promise.all (index 0)
[2022-04-29 01:13:40.313] [exthost] [error] Activating extension llvm-vs-code-extensions.vscode-clangd failed due to an error:
[2022-04-29 01:13:40.313] [exthost] [error] TypeError: Cannot read property 'map' of undefined
	at ConfigFileWatcher.createFileSystemWatcher (/home/georgezhang/.vscode/extensions/llvm-vs-code-extensions.vscode-clangd-0.1.8/out/src/config-file-watcher.js:31:47)
	at new ConfigFileWatcher (/home/georgezhang/.vscode/extensions/llvm-vs-code-extensions.vscode-clangd-0.1.8/out/src/config-file-watcher.js:24:14)
	at Object.activate (/home/georgezhang/.vscode/extensions/llvm-vs-code-extensions.vscode-clangd-0.1.8/out/src/config-file-watcher.js:16:25)
	at ClangdContext.<anonymous> (/home/georgezhang/.vscode/extensions/llvm-vs-code-extensions.vscode-clangd-0.1.8/out/src/clangd-context.js:135:31)
	at Generator.next (<anonymous>)
	at fulfilled (/home/georgezhang/.vscode/extensions/llvm-vs-code-extensions.vscode-clangd-0.1.8/out/src/clangd-context.js:5:58)
[2022-04-29 01:13:42.026] [exthost] [error] [llvm-vs-code-extensions.vscode-clangd] provider FAILED
[2022-04-29 01:13:42.026] [exthost] [error] Canceled: Canceled
	at ClangdLanguageClient.makeCancelError (/home/georgezhang/.vscode/extensions/llvm-vs-code-extensions.vscode-clangd-0.1.8/node_modules/vscode-languageclient/lib/common/client.js:2538:24)
	at ClangdLanguageClient.handleFailedRequest (/home/georgezhang/.vscode/extensions/llvm-vs-code-extensions.vscode-clangd-0.1.8/node_modules/vscode-languageclient/lib/common/client.js:2528:28)
	at ClangdLanguageClient.handleFailedRequest (/home/georgezhang/.vscode/extensions/llvm-vs-code-extensions.vscode-clangd-0.1.8/out/src/clangd-context.js:34:22)
	at /home/georgezhang/.vscode/extensions/llvm-vs-code-extensions.vscode-clangd-0.1.8/node_modules/vscode-languageclient/lib/common/client.js:1102:39
[2022-04-29 01:13:42.027] [exthost] [error] [llvm-vs-code-extensions.vscode-clangd] provider FAILED
[2022-04-29 01:13:42.027] [exthost] [error] Canceled: Canceled
	at ClangdLanguageClient.makeCancelError (/home/georgezhang/.vscode/extensions/llvm-vs-code-extensions.vscode-clangd-0.1.8/node_modules/vscode-languageclient/lib/common/client.js:2538:24)
	at ClangdLanguageClient.handleFailedRequest (/home/georgezhang/.vscode/extensions/llvm-vs-code-extensions.vscode-clangd-0.1.8/node_modules/vscode-languageclient/lib/common/client.js:2528:28)
	at ClangdLanguageClient.handleFailedRequest (/home/georgezhang/.vscode/extensions/llvm-vs-code-extensions.vscode-clangd-0.1.8/out/src/clangd-context.js:34:22)
	at /home/georgezhang/.vscode/extensions/llvm-vs-code-extensions.vscode-clangd-0.1.8/node_modules/vscode-languageclient/lib/common/client.js:1210:39
	at runNextTicks (internal/process/task_queues.js:59:5)
	at processImmediate (internal/timers.js:412:9)
[2022-04-29 01:13:42.174] [exthost] [info] ExtensionService#_doActivateExtension vscode.github-authentication {"startup":false,"extensionId":{"value":"vscode.github-authentication","_lower":"vscode.github-authentication"},"activationEvent":"onAuthenticationRequest:github"}
[2022-04-29 01:13:42.174] [exthost] [info] ExtensionService#loadCommonJSModule file:///usr/share/code/resources/app/extensions/github-authentication/dist/extension.js
[2022-04-29 01:13:42.444] [exthost] [info] ExtensionService#_doActivateExtension vscode.github {"startup":true,"extensionId":{"value":"vscode.github","_lower":"vscode.github"},"activationEvent":"*"}
[2022-04-29 01:13:42.444] [exthost] [info] ExtensionService#loadCommonJSModule file:///usr/share/code/resources/app/extensions/github/dist/extension.js
[2022-04-29 01:13:42.520] [exthost] [info] eager extensions activated
[2022-04-29 01:13:42.875] [exthost] [info] ExtensionService#_doActivateExtension CoenraadS.bracket-pair-colorizer-2 {"startup":false,"extensionId":{"value":"CoenraadS.bracket-pair-colorizer-2","_lower":"coenraads.bracket-pair-colorizer-2"},"activationEvent":"onStartupFinished"}
[2022-04-29 01:13:42.875] [exthost] [info] ExtensionService#loadCommonJSModule file:///home/georgezhang/.vscode/extensions/coenraads.bracket-pair-colorizer-2-0.2.4/out/src/extension
[2022-04-29 01:13:42.887] [exthost] [info] ExtensionService#_doActivateExtension ms-vscode-remote.remote-containers {"startup":false,"extensionId":{"value":"ms-vscode-remote.remote-containers","_lower":"ms-vscode-remote.remote-containers"},"activationEvent":"onStartupFinished"}
[2022-04-29 01:13:42.889] [exthost] [info] ExtensionService#loadCommonJSModule file:///home/georgezhang/.vscode/extensions/ms-vscode-remote.remote-containers-0.145.1/dist/extension
[2022-04-29 01:13:42.954] [exthost] [info] ExtensionService#_doActivateExtension ms-vscode-remote.remote-wsl {"startup":false,"extensionId":{"value":"ms-vscode-remote.remote-wsl","_lower":"ms-vscode-remote.remote-wsl"},"activationEvent":"onStartupFinished"}
[2022-04-29 01:13:42.954] [exthost] [info] ExtensionService#loadCommonJSModule file:///home/georgezhang/.vscode/extensions/ms-vscode-remote.remote-wsl-0.50.1/dist/extension
[2022-04-29 01:13:44.713] [exthost] [error] [llvm-vs-code-extensions.vscode-clangd] provider FAILED
[2022-04-29 01:13:44.713] [exthost] [error] Canceled: Canceled
	at ClangdLanguageClient.makeCancelError (/home/georgezhang/.vscode/extensions/llvm-vs-code-extensions.vscode-clangd-0.1.8/node_modules/vscode-languageclient/lib/common/client.js:2538:24)
	at ClangdLanguageClient.handleFailedRequest (/home/georgezhang/.vscode/extensions/llvm-vs-code-extensions.vscode-clangd-0.1.8/node_modules/vscode-languageclient/lib/common/client.js:2528:28)
	at ClangdLanguageClient.handleFailedRequest (/home/georgezhang/.vscode/extensions/llvm-vs-code-extensions.vscode-clangd-0.1.8/out/src/clangd-context.js:34:22)
	at /home/georgezhang/.vscode/extensions/llvm-vs-code-extensions.vscode-clangd-0.1.8/node_modules/vscode-languageclient/lib/common/client.js:896:39
[2022-04-29 01:14:43.133] [exthost] [error] [ms-vscode.cpptools] provider FAILED
[2022-04-29 01:14:43.133] [exthost] [error] undefined
[2022-04-29 01:14:48.866] [exthost] [error] [ms-vscode.cpptools] provider FAILED
[2022-04-29 01:14:48.866] [exthost] [error] undefined
[2022-04-29 01:15:00.091] [exthost] [error] [ms-vscode.cpptools] provider FAILED
[2022-04-29 01:15:00.091] [exthost] [error] undefined
[2022-04-29 01:15:10.610] [exthost] [error] [ms-vscode.cpptools] provider FAILED
[2022-04-29 01:15:10.610] [exthost] [error] undefined
[2022-04-29 01:15:25.869] [exthost] [error] [ms-vscode.cpptools] provider FAILED
[2022-04-29 01:15:25.869] [exthost] [error] undefined
[2022-04-29 01:15:28.101] [exthost] [error] [ms-vscode.cpptools] provider FAILED
[2022-04-29 01:15:28.101] [exthost] [error] undefined
[2022-04-29 01:15:31.624] [exthost] [error] [ms-vscode.cpptools] provider FAILED
[2022-04-29 01:15:31.624] [exthost] [error] undefined
[2022-04-29 01:15:36.769] [exthost] [error] [ms-vscode.cpptools] provider FAILED
[2022-04-29 01:15:36.769] [exthost] [error] undefined
[2022-04-29 01:15:40.105] [exthost] [error] [ms-vscode.cpptools] provider FAILED
[2022-04-29 01:15:40.105] [exthost] [error] undefined
[2022-04-29 01:15:48.749] [exthost] [warning] llvm-vs-code-extensions.vscode-clangd - Code actions of kind 'quickfix 'requested but returned code action is of kind 'refactor'. Code action will be dropped. Please check 'CodeActionContext.only' to only return requested code actions.
[2022-04-29 01:16:23.376] [exthost] [error] [ms-vscode.cpptools] provider FAILED
[2022-04-29 01:16:23.376] [exthost] [error] undefined
[2022-04-29 01:16:29.812] [exthost] [error] [ms-vscode.cpptools] provider FAILED
[2022-04-29 01:16:29.812] [exthost] [error] undefined
[2022-04-29 01:16:33.908] [exthost] [error] [ms-vscode.cpptools] provider FAILED
[2022-04-29 01:16:33.908] [exthost] [error] undefined
[2022-04-29 01:17:16.143] [exthost] [error] [ms-vscode.cpptools] provider FAILED
[2022-04-29 01:17:16.143] [exthost] [error] undefined
[2022-04-29 01:17:20.189] [exthost] [error] [ms-vscode.cpptools] provider FAILED
[2022-04-29 01:17:20.189] [exthost] [error] undefined
[2022-04-29 01:18:25.685] [exthost] [info] ExtensionService#_doActivateExtension dkundel.vscode-new-file {"startup":false,"extensionId":{"value":"dkundel.vscode-new-file","_lower":"dkundel.vscode-new-file"},"activationEvent":"onCommand:newFile.createNewFile"}
[2022-04-29 01:18:25.687] [exthost] [info] ExtensionService#loadCommonJSModule file:///home/georgezhang/.vscode/extensions/dkundel.vscode-new-file-4.0.2/out/src/extension
[2022-04-29 01:18:38.821] [exthost] [error] [ms-vscode.cpptools] provider FAILED
[2022-04-29 01:18:38.821] [exthost] [error] undefined
[2022-04-29 01:21:24.903] [exthost] [error] [ms-vscode.cpptools] provider FAILED
[2022-04-29 01:21:24.903] [exthost] [error] undefined
[2022-04-29 01:22:29.800] [exthost] [info] extension host started
[2022-04-29 01:22:29.902] [exthost] [info] ExtensionService#_doActivateExtension vscode.microsoft-authentication {"startup":false,"extensionId":{"value":"vscode.microsoft-authentication","_lower":"vscode.microsoft-authentication"},"activationEvent":"onAuthenticationRequest:microsoft"}
[2022-04-29 01:22:29.902] [exthost] [info] ExtensionService#loadCommonJSModule file:///usr/share/code/resources/app/extensions/microsoft-authentication/dist/extension.js
[2022-04-29 01:22:29.910] [exthost] [info] ExtensionService#_doActivateExtension ms-vscode.js-debug {"startup":false,"extensionId":{"value":"ms-vscode.js-debug","_lower":"ms-vscode.js-debug"},"activationEvent":"onDebugDynamicConfigurations"}
[2022-04-29 01:22:29.910] [exthost] [info] ExtensionService#loadCommonJSModule file:///usr/share/code/resources/app/extensions/ms-vscode.js-debug/src/extension.js
[2022-04-29 01:22:30.158] [exthost] [info] ExtensionService#_doActivateExtension georgewfraser.vscode-javac {"startup":false,"extensionId":{"value":"georgewfraser.vscode-javac","_lower":"georgewfraser.vscode-javac"},"activationEvent":"onDebug"}
[2022-04-29 01:22:30.158] [exthost] [info] ExtensionService#loadCommonJSModule file:///home/georgezhang/.vscode/extensions/georgewfraser.vscode-javac-0.2.39/out/lib/extension
[2022-04-29 01:22:30.217] [exthost] [info] ExtensionService#_doActivateExtension vscode.debug-auto-launch {"startup":true,"extensionId":{"value":"vscode.debug-auto-launch","_lower":"vscode.debug-auto-launch"},"activationEvent":"*"}
[2022-04-29 01:22:30.217] [exthost] [info] ExtensionService#loadCommonJSModule file:///usr/share/code/resources/app/extensions/debug-auto-launch/dist/extension
[2022-04-29 01:22:30.218] [exthost] [info] ExtensionService#_doActivateExtension vscode.emmet {"startup":true,"extensionId":{"value":"vscode.emmet","_lower":"vscode.emmet"},"activationEvent":"*"}
[2022-04-29 01:22:30.218] [exthost] [info] ExtensionService#loadCommonJSModule file:///usr/share/code/resources/app/extensions/emmet/dist/node/emmetNodeMain
[2022-04-29 01:22:30.232] [exthost] [info] ExtensionService#_doActivateExtension vscode.git {"startup":true,"extensionId":{"value":"vscode.github","_lower":"vscode.github"},"activationEvent":"*"}
[2022-04-29 01:22:30.232] [exthost] [info] ExtensionService#loadCommonJSModule file:///usr/share/code/resources/app/extensions/git/dist/main
[2022-04-29 01:22:30.250] [exthost] [info] ExtensionService#_doActivateExtension vscode.merge-conflict {"startup":true,"extensionId":{"value":"vscode.merge-conflict","_lower":"vscode.merge-conflict"},"activationEvent":"*"}
[2022-04-29 01:22:30.250] [exthost] [info] ExtensionService#loadCommonJSModule file:///usr/share/code/resources/app/extensions/merge-conflict/dist/mergeConflictMain
[2022-04-29 01:22:30.253] [exthost] [info] ExtensionService#_doActivateExtension vscode.search-result {"startup":true,"extensionId":{"value":"vscode.search-result","_lower":"vscode.search-result"},"activationEvent":"*"}
[2022-04-29 01:22:30.253] [exthost] [info] ExtensionService#loadCommonJSModule file:///usr/share/code/resources/app/extensions/search-result/dist/extension.js
[2022-04-29 01:22:30.254] [exthost] [info] ExtensionService#_doActivateExtension byi8220.indented-block-highlighting {"startup":true,"extensionId":{"value":"byi8220.indented-block-highlighting","_lower":"byi8220.indented-block-highlighting"},"activationEvent":"*"}
[2022-04-29 01:22:30.254] [exthost] [info] ExtensionService#loadCommonJSModule file:///home/georgezhang/.vscode/extensions/byi8220.indented-block-highlighting-1.0.7/out/extension
[2022-04-29 01:22:30.255] [exthost] [info] ExtensionService#_doActivateExtension Durzn.brackethighlighter {"startup":true,"extensionId":{"value":"Durzn.brackethighlighter","_lower":"durzn.brackethighlighter"},"activationEvent":"*"}
[2022-04-29 01:22:30.255] [exthost] [info] ExtensionService#loadCommonJSModule file:///home/georgezhang/.vscode/extensions/durzn.brackethighlighter-2.2.4/out/extension.js
[2022-04-29 01:22:30.261] [exthost] [info] ExtensionService#_doActivateExtension Equinusocio.vsc-material-theme {"startup":true,"extensionId":{"value":"Equinusocio.vsc-material-theme","_lower":"equinusocio.vsc-material-theme"},"activationEvent":"*"}
[2022-04-29 01:22:30.261] [exthost] [info] ExtensionService#loadCommonJSModule file:///home/georgezhang/.vscode/extensions/equinusocio.vsc-material-theme-33.0.0/build/material.theme.config
[2022-04-29 01:22:30.267] [exthost] [info] ExtensionService#_doActivateExtension equinusocio.vsc-material-theme-icons {"startup":true,"extensionId":{"value":"equinusocio.vsc-material-theme-icons","_lower":"equinusocio.vsc-material-theme-icons"},"activationEvent":"*"}
[2022-04-29 01:22:30.267] [exthost] [info] ExtensionService#loadCommonJSModule file:///home/georgezhang/.vscode/extensions/equinusocio.vsc-material-theme-icons-1.2.2/out/src/extension
[2022-04-29 01:22:30.276] [exthost] [info] ExtensionService#_doActivateExtension hiro-sun.vscode-emacs {"startup":true,"extensionId":{"value":"hiro-sun.vscode-emacs","_lower":"hiro-sun.vscode-emacs"},"activationEvent":"*"}
[2022-04-29 01:22:30.276] [exthost] [info] ExtensionService#loadCommonJSModule file:///home/georgezhang/.vscode/extensions/hiro-sun.vscode-emacs-0.1.1/out/src/extension
[2022-04-29 01:22:30.278] [exthost] [info] ExtensionService#_doActivateExtension imagio.vscode-dimmer-block {"startup":true,"extensionId":{"value":"imagio.vscode-dimmer-block","_lower":"imagio.vscode-dimmer-block"},"activationEvent":"*"}
[2022-04-29 01:22:30.278] [exthost] [info] ExtensionService#loadCommonJSModule file:///home/georgezhang/.vscode/extensions/imagio.vscode-dimmer-block-2.2.0/out/src/extension
[2022-04-29 01:22:30.279] [exthost] [info] ExtensionService#_doActivateExtension lfs.vscode-emacs-friendly {"startup":true,"extensionId":{"value":"lfs.vscode-emacs-friendly","_lower":"lfs.vscode-emacs-friendly"},"activationEvent":"*"}
[2022-04-29 01:22:30.279] [exthost] [info] ExtensionService#loadCommonJSModule file:///home/georgezhang/.vscode/extensions/lfs.vscode-emacs-friendly-0.9.0/out/src/extension
[2022-04-29 01:22:30.281] [exthost] [info] ExtensionService#_doActivateExtension mhutchie.git-graph {"startup":true,"extensionId":{"value":"mhutchie.git-graph","_lower":"mhutchie.git-graph"},"activationEvent":"*"}
[2022-04-29 01:22:30.281] [exthost] [info] ExtensionService#loadCommonJSModule file:///home/georgezhang/.vscode/extensions/mhutchie.git-graph-1.30.0/out/extension.js
[2022-04-29 01:22:30.318] [exthost] [info] ExtensionService#_doActivateExtension PKief.material-icon-theme {"startup":true,"extensionId":{"value":"PKief.material-icon-theme","_lower":"pkief.material-icon-theme"},"activationEvent":"*"}
[2022-04-29 01:22:30.318] [exthost] [info] ExtensionService#loadCommonJSModule file:///home/georgezhang/.vscode/extensions/pkief.material-icon-theme-4.4.0/dist/extension
[2022-04-29 01:22:30.325] [exthost] [info] ExtensionService#_doActivateExtension rafaelmaiolla.remote-vscode {"startup":true,"extensionId":{"value":"rafaelmaiolla.remote-vscode","_lower":"rafaelmaiolla.remote-vscode"},"activationEvent":"*"}
[2022-04-29 01:22:30.325] [exthost] [info] ExtensionService#loadCommonJSModule file:///home/georgezhang/.vscode/extensions/rafaelmaiolla.remote-vscode-1.1.0/out/src/extension
[2022-04-29 01:22:30.388] [exthost] [info] ExtensionService#_doActivateExtension Shan.code-settings-sync {"startup":true,"extensionId":{"value":"Shan.code-settings-sync","_lower":"shan.code-settings-sync"},"activationEvent":"*"}
[2022-04-29 01:22:30.388] [exthost] [info] ExtensionService#loadCommonJSModule file:///home/georgezhang/.vscode/extensions/shan.code-settings-sync-3.4.3/out/extension.js
[2022-04-29 01:22:30.458] [exthost] [info] ExtensionService#_doActivateExtension shardulm94.trailing-spaces {"startup":true,"extensionId":{"value":"shardulm94.trailing-spaces","_lower":"shardulm94.trailing-spaces"},"activationEvent":"*"}
[2022-04-29 01:22:30.458] [exthost] [info] ExtensionService#loadCommonJSModule file:///home/georgezhang/.vscode/extensions/shardulm94.trailing-spaces-0.3.1/out/src/extension
[2022-04-29 01:22:30.488] [exthost] [info] ExtensionService#_doActivateExtension SirTori.indenticator {"startup":true,"extensionId":{"value":"SirTori.indenticator","_lower":"sirtori.indenticator"},"activationEvent":"*"}
[2022-04-29 01:22:30.491] [exthost] [info] ExtensionService#loadCommonJSModule file:///home/georgezhang/.vscode/extensions/sirtori.indenticator-0.7.0/out/src/extension
[2022-04-29 01:22:30.492] [exthost] [info] ExtensionService#_doActivateExtension wayou.vscode-todo-highlight {"startup":true,"extensionId":{"value":"wayou.vscode-todo-highlight","_lower":"wayou.vscode-todo-highlight"},"activationEvent":"*"}
[2022-04-29 01:22:30.493] [exthost] [info] ExtensionService#loadCommonJSModule file:///home/georgezhang/.vscode/extensions/wayou.vscode-todo-highlight-1.0.5/src/extension
[2022-04-29 01:22:30.494] [exthost] [info] ExtensionService#_doActivateExtension xulion.codescope {"startup":true,"extensionId":{"value":"xulion.codescope","_lower":"xulion.codescope"},"activationEvent":"*"}
[2022-04-29 01:22:30.494] [exthost] [info] ExtensionService#loadCommonJSModule file:///home/georgezhang/.vscode/extensions/xulion.codescope-0.2.0/out/extension
[2022-04-29 01:22:30.500] [exthost] [info] ExtensionService#_doActivateExtension ybaumes.highlight-trailing-white-spaces {"startup":true,"extensionId":{"value":"ybaumes.highlight-trailing-white-spaces","_lower":"ybaumes.highlight-trailing-white-spaces"},"activationEvent":"*"}
[2022-04-29 01:22:30.500] [exthost] [info] ExtensionService#loadCommonJSModule file:///home/georgezhang/.vscode/extensions/ybaumes.highlight-trailing-white-spaces-0.0.2/out/src/extension
[2022-04-29 01:22:30.658] [exthost] [error] Activating extension lfs.vscode-emacs-friendly failed due to an error:
[2022-04-29 01:22:30.658] [exthost] [error] Error: command 'emacs.C-g' already exists
	at _.registerCommand (/usr/share/code/resources/app/out/vs/workbench/services/extensions/node/extensionHostProcess.js:693:559)
	at Object.registerCommand (/usr/share/code/resources/app/out/vs/workbench/services/extensions/node/extensionHostProcess.js:988:219)
	at registerCommand (/home/georgezhang/.vscode/extensions/lfs.vscode-emacs-friendly-0.9.0/out/src/extension.js:78:28)
	at /home/georgezhang/.vscode/extensions/lfs.vscode-emacs-friendly-0.9.0/out/src/extension.js:23:36
	at Array.forEach (<anonymous>)
	at activate (/home/georgezhang/.vscode/extensions/lfs.vscode-emacs-friendly-0.9.0/out/src/extension.js:22:17)
	at Function._callActivateOptional (/usr/share/code/resources/app/out/vs/workbench/services/extensions/node/extensionHostProcess.js:927:841)
	at Function._callActivate (/usr/share/code/resources/app/out/vs/workbench/services/extensions/node/extensionHostProcess.js:927:492)
	at /usr/share/code/resources/app/out/vs/workbench/services/extensions/node/extensionHostProcess.js:925:841
	at processTicksAndRejections (internal/process/task_queues.js:94:5)
	at async Promise.all (index 11)
	at async Promise.all (index 0)
[2022-04-29 01:22:30.949] [exthost] [info] ExtensionService#_doActivateExtension vscode.github {"startup":true,"extensionId":{"value":"vscode.github","_lower":"vscode.github"},"activationEvent":"*"}
[2022-04-29 01:22:30.949] [exthost] [info] ExtensionService#loadCommonJSModule file:///usr/share/code/resources/app/extensions/github/dist/extension.js
[2022-04-29 01:22:31.110] [exthost] [info] ExtensionService#_doActivateExtension vscode.github-authentication {"startup":false,"extensionId":{"value":"vscode.github-authentication","_lower":"vscode.github-authentication"},"activationEvent":"onAuthenticationRequest:github"}
[2022-04-29 01:22:31.110] [exthost] [info] ExtensionService#loadCommonJSModule file:///usr/share/code/resources/app/extensions/github-authentication/dist/extension.js
[2022-04-29 01:22:31.217] [exthost] [info] ExtensionService#_doActivateExtension ms-vscode.cmake-tools {"startup":true,"extensionId":{"value":"ms-vscode.cmake-tools","_lower":"ms-vscode.cmake-tools"},"activationEvent":"workspaceContains:**/CMakeLists.txt"}
[2022-04-29 01:22:31.217] [exthost] [info] ExtensionService#loadCommonJSModule file:///home/georgezhang/.vscode/extensions/ms-vscode.cmake-tools-1.7.3/dist/main
[2022-04-29 01:22:31.325] [exthost] [info] ExtensionService#_doActivateExtension ms-vscode.makefile-tools {"startup":true,"extensionId":{"value":"ms-vscode.makefile-tools","_lower":"ms-vscode.makefile-tools"},"activationEvent":"workspaceContains:**/makefile,**/Makefile,**/GNUmakefile"}
[2022-04-29 01:22:31.325] [exthost] [info] ExtensionService#loadCommonJSModule file:///home/georgezhang/.vscode/extensions/ms-vscode.makefile-tools-0.5.0/out/src/extension.js
[2022-04-29 01:22:31.784] [exthost] [info] ExtensionService#_doActivateExtension ms-vscode.cpptools {"startup":false,"extensionId":{"value":"ms-vscode.makefile-tools","_lower":"ms-vscode.makefile-tools"},"activationEvent":"api"}
[2022-04-29 01:22:31.784] [exthost] [info] ExtensionService#loadCommonJSModule file:///home/georgezhang/.vscode/extensions/ms-vscode.cpptools-1.1.3/dist/main
[2022-04-29 01:22:32.691] [exthost] [info] eager extensions activated
[2022-04-29 01:22:32.764] [exthost] [info] ExtensionService#_doActivateExtension ms-vscode-remote.remote-containers {"startup":false,"extensionId":{"value":"ms-vscode-remote.remote-containers","_lower":"ms-vscode-remote.remote-containers"},"activationEvent":"onStartupFinished"}
[2022-04-29 01:22:32.764] [exthost] [info] ExtensionService#loadCommonJSModule file:///home/georgezhang/.vscode/extensions/ms-vscode-remote.remote-containers-0.145.1/dist/extension
[2022-04-29 01:22:32.830] [exthost] [info] ExtensionService#_doActivateExtension ms-vscode-remote.remote-wsl {"startup":false,"extensionId":{"value":"ms-vscode-remote.remote-wsl","_lower":"ms-vscode-remote.remote-wsl"},"activationEvent":"onStartupFinished"}
[2022-04-29 01:22:32.830] [exthost] [info] ExtensionService#loadCommonJSModule file:///home/georgezhang/.vscode/extensions/ms-vscode-remote.remote-wsl-0.50.1/dist/extension
[2022-04-29 01:23:08.610] [exthost] [info] ExtensionService#_doActivateExtension ajshort.include-autocomplete {"startup":false,"extensionId":{"value":"ajshort.include-autocomplete","_lower":"ajshort.include-autocomplete"},"activationEvent":"onLanguage:cpp"}
[2022-04-29 01:23:08.610] [exthost] [info] ExtensionService#loadCommonJSModule file:///home/georgezhang/.vscode/extensions/ajshort.include-autocomplete-0.0.4/out/src/extension
[2022-04-29 01:23:08.611] [exthost] [info] ExtensionService#_doActivateExtension amiralizadeh9480.cpp-helper {"startup":false,"extensionId":{"value":"amiralizadeh9480.cpp-helper","_lower":"amiralizadeh9480.cpp-helper"},"activationEvent":"onLanguage:cpp"}
[2022-04-29 01:23:08.611] [exthost] [info] ExtensionService#loadCommonJSModule file:///home/georgezhang/.vscode/extensions/amiralizadeh9480.cpp-helper-0.3.1/out/extension.js
[2022-04-29 01:23:08.612] [exthost] [info] ExtensionService#_doActivateExtension austin.code-gnu-global {"startup":false,"extensionId":{"value":"austin.code-gnu-global","_lower":"austin.code-gnu-global"},"activationEvent":"onLanguage:cpp"}
[2022-04-29 01:23:08.612] [exthost] [info] ExtensionService#loadCommonJSModule file:///home/georgezhang/.vscode/extensions/austin.code-gnu-global-0.2.2/out/src/extension
[2022-04-29 01:23:08.636] [exthost] [info] ExtensionService#_doActivateExtension cschlosser.doxdocgen {"startup":false,"extensionId":{"value":"cschlosser.doxdocgen","_lower":"cschlosser.doxdocgen"},"activationEvent":"onLanguage:cpp"}
[2022-04-29 01:23:08.636] [exthost] [info] ExtensionService#loadCommonJSModule file:///home/georgezhang/.vscode/extensions/cschlosser.doxdocgen-1.1.0/out/extension
[2022-04-29 01:23:08.779] [exthost] [info] ExtensionService#_doActivateExtension llvm-vs-code-extensions.vscode-clangd {"startup":false,"extensionId":{"value":"llvm-vs-code-extensions.vscode-clangd","_lower":"llvm-vs-code-extensions.vscode-clangd"},"activationEvent":"onLanguage:cpp"}
[2022-04-29 01:23:08.779] [exthost] [info] ExtensionService#loadCommonJSModule file:///home/georgezhang/.vscode/extensions/llvm-vs-code-extensions.vscode-clangd-0.1.8/out/src/extension
[2022-04-29 01:23:09.083] [exthost] [info] ExtensionService#_doActivateExtension mitaki28.vscode-clang {"startup":false,"extensionId":{"value":"mitaki28.vscode-clang","_lower":"mitaki28.vscode-clang"},"activationEvent":"onLanguage:cpp"}
[2022-04-29 01:23:09.083] [exthost] [info] ExtensionService#loadCommonJSModule file:///home/georgezhang/.vscode/extensions/mitaki28.vscode-clang-0.2.3/out/src/extension
[2022-04-29 01:23:21.708] [exthost] [info] ExtensionService#_doActivateExtension vscode.configuration-editing {"startup":false,"extensionId":{"value":"vscode.configuration-editing","_lower":"vscode.configuration-editing"},"activationEvent":"onLanguage:jsonc"}
[2022-04-29 01:23:21.708] [exthost] [info] ExtensionService#loadCommonJSModule file:///usr/share/code/resources/app/extensions/configuration-editing/dist/configurationEditingMain
[2022-04-29 01:23:21.711] [exthost] [info] ExtensionService#_doActivateExtension vscode.json-language-features {"startup":false,"extensionId":{"value":"vscode.json-language-features","_lower":"vscode.json-language-features"},"activationEvent":"onLanguage:jsonc"}
[2022-04-29 01:23:21.711] [exthost] [info] ExtensionService#loadCommonJSModule file:///usr/share/code/resources/app/extensions/json-language-features/client/dist/node/jsonClientMain
[2022-04-29 01:23:21.787] [exthost] [info] ExtensionService#_doActivateExtension vscode.typescript-language-features {"startup":false,"extensionId":{"value":"vscode.typescript-language-features","_lower":"vscode.typescript-language-features"},"activationEvent":"onLanguage:jsonc"}
[2022-04-29 01:23:21.788] [exthost] [info] ExtensionService#loadCommonJSModule file:///usr/share/code/resources/app/extensions/typescript-language-features/dist/extension
[2022-04-29 01:23:40.809] [exthost] [info] ExtensionService#_doActivateExtension vscode.debug-server-ready {"startup":false,"extensionId":{"value":"vscode.debug-server-ready","_lower":"vscode.debug-server-ready"},"activationEvent":"onDebugResolve"}
[2022-04-29 01:23:40.809] [exthost] [info] ExtensionService#loadCommonJSModule file:///usr/share/code/resources/app/extensions/debug-server-ready/dist/extension
[2022-04-29 01:23:40.828] [exthost] [info] ExtensionService#_doActivateExtension ms-vscode.node-debug2 {"startup":false,"extensionId":{"value":"ms-vscode.node-debug","_lower":"ms-vscode.node-debug"},"activationEvent":"onDebugInitialConfigurations"}
[2022-04-29 01:23:40.828] [exthost] [info] ExtensionService#loadCommonJSModule file:///usr/share/code/resources/app/extensions/ms-vscode.node-debug2/out/src/extension
[2022-04-29 01:23:40.866] [exthost] [info] ExtensionService#_doActivateExtension golang.go {"startup":false,"extensionId":{"value":"golang.go","_lower":"golang.go"},"activationEvent":"onDebugInitialConfigurations"}
[2022-04-29 01:23:40.866] [exthost] [info] ExtensionService#loadCommonJSModule file:///home/georgezhang/.vscode/extensions/golang.go-0.23.0/dist/goMain.js
[2022-04-29 01:23:40.960] [exthost] [info] ExtensionService#_doActivateExtension vscjava.vscode-java-debug {"startup":false,"extensionId":{"value":"vscjava.vscode-java-debug","_lower":"vscjava.vscode-java-debug"},"activationEvent":"onDebugInitialConfigurations"}
[2022-04-29 01:23:40.960] [exthost] [info] ExtensionService#loadCommonJSModule file:///home/georgezhang/.vscode/extensions/vscjava.vscode-java-debug-0.31.0/dist/extension
[2022-04-29 01:23:41.034] [exthost] [info] ExtensionService#_doActivateExtension ms-vscode.node-debug {"startup":false,"extensionId":{"value":"ms-vscode.node-debug","_lower":"ms-vscode.node-debug"},"activationEvent":"onDebugInitialConfigurations"}
[2022-04-29 01:23:41.034] [exthost] [info] ExtensionService#loadCommonJSModule file:///usr/share/code/resources/app/extensions/ms-vscode.node-debug/dist/extension.js
[2022-04-29 01:23:41.041] [exthost] [info] ExtensionService#_doActivateExtension ms-azuretools.vscode-docker {"startup":false,"extensionId":{"value":"ms-azuretools.vscode-docker","_lower":"ms-azuretools.vscode-docker"},"activationEvent":"onDebugInitialConfigurations"}
[2022-04-29 01:23:41.041] [exthost] [info] ExtensionService#loadCommonJSModule file:///home/georgezhang/.vscode/extensions/ms-azuretools.vscode-docker-1.9.0/main
[2022-04-29 01:23:48.342] [exthost] [info] ExtensionService#_doActivateExtension vscode.grunt {"startup":false,"extensionId":{"value":"vscode.grunt","_lower":"vscode.grunt"},"activationEvent":"onCommand:workbench.action.tasks.runTask"}
[2022-04-29 01:23:48.342] [exthost] [info] ExtensionService#loadCommonJSModule file:///usr/share/code/resources/app/extensions/grunt/dist/main
[2022-04-29 01:23:48.387] [exthost] [info] ExtensionService#_doActivateExtension vscode.gulp {"startup":false,"extensionId":{"value":"vscode.gulp","_lower":"vscode.gulp"},"activationEvent":"onCommand:workbench.action.tasks.runTask"}
[2022-04-29 01:23:48.387] [exthost] [info] ExtensionService#loadCommonJSModule file:///usr/share/code/resources/app/extensions/gulp/dist/main
[2022-04-29 01:23:48.396] [exthost] [info] ExtensionService#_doActivateExtension vscode.jake {"startup":false,"extensionId":{"value":"vscode.jake","_lower":"vscode.jake"},"activationEvent":"onCommand:workbench.action.tasks.runTask"}
[2022-04-29 01:23:48.396] [exthost] [info] ExtensionService#loadCommonJSModule file:///usr/share/code/resources/app/extensions/jake/dist/main
[2022-04-29 01:23:48.403] [exthost] [info] ExtensionService#_doActivateExtension vscode.npm {"startup":false,"extensionId":{"value":"vscode.npm","_lower":"vscode.npm"},"activationEvent":"onCommand:workbench.action.tasks.runTask"}
[2022-04-29 01:23:48.403] [exthost] [info] ExtensionService#loadCommonJSModule file:///usr/share/code/resources/app/extensions/npm/dist/npmMain
[2022-04-29 01:25:05.928] [exthost] [error] [llvm-vs-code-extensions.vscode-clangd] provider FAILED
[2022-04-29 01:25:05.928] [exthost] [error] Canceled: Canceled
	at ClangdLanguageClient.makeCancelError (/home/georgezhang/.vscode/extensions/llvm-vs-code-extensions.vscode-clangd-0.1.8/node_modules/vscode-languageclient/lib/common/client.js:2538:24)
	at ClangdLanguageClient.handleFailedRequest (/home/georgezhang/.vscode/extensions/llvm-vs-code-extensions.vscode-clangd-0.1.8/node_modules/vscode-languageclient/lib/common/client.js:2528:28)
	at ClangdLanguageClient.handleFailedRequest (/home/georgezhang/.vscode/extensions/llvm-vs-code-extensions.vscode-clangd-0.1.8/out/src/clangd-context.js:34:22)
	at /home/georgezhang/.vscode/extensions/llvm-vs-code-extensions.vscode-clangd-0.1.8/node_modules/vscode-languageclient/lib/common/client.js:1046:39
[2022-04-29 01:25:10.292] [exthost] [warning] ms-vscode.cpptools - Code actions of kind 'quickfix 'requested but returned code action does not have a 'kind'. Code action will be dropped. Please set 'CodeAction.kind'.
[2022-04-29 01:25:10.292] [exthost] [warning] ms-vscode.cpptools - Code actions of kind 'quickfix 'requested but returned code action does not have a 'kind'. Code action will be dropped. Please set 'CodeAction.kind'.
[2022-04-29 01:26:03.519] [exthost] [error] [llvm-vs-code-extensions.vscode-clangd] provider FAILED
[2022-04-29 01:26:03.519] [exthost] [error] Canceled: Canceled
	at ClangdLanguageClient.makeCancelError (/home/georgezhang/.vscode/extensions/llvm-vs-code-extensions.vscode-clangd-0.1.8/node_modules/vscode-languageclient/lib/common/client.js:2538:24)
	at ClangdLanguageClient.handleFailedRequest (/home/georgezhang/.vscode/extensions/llvm-vs-code-extensions.vscode-clangd-0.1.8/node_modules/vscode-languageclient/lib/common/client.js:2528:28)
	at ClangdLanguageClient.handleFailedRequest (/home/georgezhang/.vscode/extensions/llvm-vs-code-extensions.vscode-clangd-0.1.8/out/src/clangd-context.js:34:22)
	at /home/georgezhang/.vscode/extensions/llvm-vs-code-extensions.vscode-clangd-0.1.8/node_modules/vscode-languageclient/lib/common/client.js:1102:39
[2022-04-29 01:26:42.047] [exthost] [error] [llvm-vs-code-extensions.vscode-clangd] provider FAILED
[2022-04-29 01:26:42.047] [exthost] [error] Canceled: Canceled
	at ClangdLanguageClient.makeCancelError (/home/georgezhang/.vscode/extensions/llvm-vs-code-extensions.vscode-clangd-0.1.8/node_modules/vscode-languageclient/lib/common/client.js:2538:24)
	at ClangdLanguageClient.handleFailedRequest (/home/georgezhang/.vscode/extensions/llvm-vs-code-extensions.vscode-clangd-0.1.8/node_modules/vscode-languageclient/lib/common/client.js:2528:28)
	at ClangdLanguageClient.handleFailedRequest (/home/georgezhang/.vscode/extensions/llvm-vs-code-extensions.vscode-clangd-0.1.8/out/src/clangd-context.js:34:22)
	at /home/georgezhang/.vscode/extensions/llvm-vs-code-extensions.vscode-clangd-0.1.8/node_modules/vscode-languageclient/lib/common/client.js:1102:39
[2022-04-29 01:28:32.224] [exthost] [error] [llvm-vs-code-extensions.vscode-clangd] provider FAILED
[2022-04-29 01:28:32.224] [exthost] [error] Canceled: Canceled
	at ClangdLanguageClient.makeCancelError (/home/georgezhang/.vscode/extensions/llvm-vs-code-extensions.vscode-clangd-0.1.8/node_modules/vscode-languageclient/lib/common/client.js:2538:24)
	at ClangdLanguageClient.handleFailedRequest (/home/georgezhang/.vscode/extensions/llvm-vs-code-extensions.vscode-clangd-0.1.8/node_modules/vscode-languageclient/lib/common/client.js:2528:28)
	at ClangdLanguageClient.handleFailedRequest (/home/georgezhang/.vscode/extensions/llvm-vs-code-extensions.vscode-clangd-0.1.8/out/src/clangd-context.js:34:22)
	at /home/georgezhang/.vscode/extensions/llvm-vs-code-extensions.vscode-clangd-0.1.8/node_modules/vscode-languageclient/lib/common/client.js:1210:39
[2022-04-29 01:28:39.932] [exthost] [error] [ms-vscode.cpptools] provider FAILED
[2022-04-29 01:28:39.933] [exthost] [error] undefined
