[2022-04-29 01:13:55.931] [renderer1] [error] Unable to write to User Settings because editor.bracketPairColorization.enabled is not a registered configuration.: Error: Unable to write to User Settings because editor.bracketPairColorization.enabled is not a registered configuration.
    at k.reject (file:///usr/share/code/resources/app/out/vs/workbench/workbench.desktop.main.js:5766:839)
    at k.resolveAndValidate (file:///usr/share/code/resources/app/out/vs/workbench/workbench.desktop.main.js:5769:741)
    at k.doWriteConfiguration (file:///usr/share/code/resources/app/out/vs/workbench/workbench.desktop.main.js:5764:70)
    at Object.factory (file:///usr/share/code/resources/app/out/vs/workbench/workbench.desktop.main.js:5763:789)
    at u.consume (file:///usr/share/code/resources/app/out/vs/workbench/workbench.desktop.main.js:134:75)
    at file:///usr/share/code/resources/app/out/vs/workbench/workbench.desktop.main.js:133:886
    at new Promise (<anonymous>)
    at u.queue (file:///usr/share/code/resources/app/out/vs/workbench/workbench.desktop.main.js:133:810)
    at k.writeConfiguration (file:///usr/share/code/resources/app/out/vs/workbench/workbench.desktop.main.js:5763:774)
    at k.writeConfigurationValue (file:///usr/share/code/resources/app/out/vs/workbench/workbench.desktop.main.js:5790:461)
    at file:///usr/share/code/resources/app/out/vs/workbench/workbench.desktop.main.js:5780:320
[2022-04-29 01:13:55.932] [renderer1] [error] Unable to write to User Settings because editor.guides.bracketPairs is not a registered configuration.: Error: Unable to write to User Settings because editor.guides.bracketPairs is not a registered configuration.
    at k.reject (file:///usr/share/code/resources/app/out/vs/workbench/workbench.desktop.main.js:5766:839)
    at k.resolveAndValidate (file:///usr/share/code/resources/app/out/vs/workbench/workbench.desktop.main.js:5769:741)
    at k.doWriteConfiguration (file:///usr/share/code/resources/app/out/vs/workbench/workbench.desktop.main.js:5764:70)
    at Object.factory (file:///usr/share/code/resources/app/out/vs/workbench/workbench.desktop.main.js:5763:789)
    at u.consume (file:///usr/share/code/resources/app/out/vs/workbench/workbench.desktop.main.js:134:75)
    at u.consumed (file:///usr/share/code/resources/app/out/vs/workbench/workbench.desktop.main.js:134:236)
    at file:///usr/share/code/resources/app/out/vs/workbench/workbench.desktop.main.js:134:137
[2022-04-29 01:14:43.134] [renderer1] [error] An unknown error occurred. Please consult the log for more details.
[2022-04-29 01:14:48.868] [renderer1] [error] An unknown error occurred. Please consult the log for more details.
[2022-04-29 01:15:00.092] [renderer1] [error] An unknown error occurred. Please consult the log for more details.
[2022-04-29 01:15:10.614] [renderer1] [error] An unknown error occurred. Please consult the log for more details.
[2022-04-29 01:15:25.870] [renderer1] [error] An unknown error occurred. Please consult the log for more details.
[2022-04-29 01:15:28.102] [renderer1] [error] An unknown error occurred. Please consult the log for more details.
[2022-04-29 01:15:31.625] [renderer1] [error] An unknown error occurred. Please consult the log for more details.
[2022-04-29 01:15:36.771] [renderer1] [error] An unknown error occurred. Please consult the log for more details.
[2022-04-29 01:15:40.106] [renderer1] [error] An unknown error occurred. Please consult the log for more details.
[2022-04-29 01:16:23.386] [renderer1] [error] An unknown error occurred. Please consult the log for more details.
[2022-04-29 01:16:29.813] [renderer1] [error] An unknown error occurred. Please consult the log for more details.
[2022-04-29 01:16:33.909] [renderer1] [error] An unknown error occurred. Please consult the log for more details.
[2022-04-29 01:17:16.144] [renderer1] [error] An unknown error occurred. Please consult the log for more details.
[2022-04-29 01:17:20.190] [renderer1] [error] An unknown error occurred. Please consult the log for more details.
[2022-04-29 01:18:38.941] [renderer1] [error] An unknown error occurred. Please consult the log for more details.
[2022-04-29 01:21:24.905] [renderer1] [error] An unknown error occurred. Please consult the log for more details.
[2022-04-29 01:28:39.953] [renderer1] [error] An unknown error occurred. Please consult the log for more details.
