[2022-04-29 01:13:37.214] [userDataSync] [info] Using settings sync service https://vscode-sync.trafficmanager.net/
[2022-04-29 01:13:37.214] [userDataSync] [info] Auto Sync is enabled.
[2022-04-29 01:13:37.214] [userDataSync] [info] Auto Sync: Suspended until auth token is available.
[2022-04-29 01:13:43.010] [userDataSync] [info] Auto Sync: Started
[2022-04-29 01:13:43.011] [userDataSync] [info] Auto Sync: Triggered by Interval
[2022-04-29 01:13:43.751] [userDataSync] [info] Settings: No changes found during synchronizing settings.
[2022-04-29 01:13:43.908] [userDataSync] [info] Keybindings: No changes found during synchronizing keybindings.
[2022-04-29 01:13:43.953] [userDataSync] [info] Snippets: No changes found during synchronizing snippets.
[2022-04-29 01:13:45.235] [userDataSync] [info] GlobalState: Updated remote ui state
[2022-04-29 01:13:45.244] [userDataSync] [info] GlobalState: Updated last synchronized ui state
[2022-04-29 01:13:45.345] [userDataSync] [info] Extensions: No changes found during synchronizing extensions.
[2022-04-29 01:13:45.349] [userDataSync] [info] Sync done. Took 1759ms
[2022-04-29 01:13:45.349] [userDataSync] [info] Auto Sync: Triggered by Activity
[2022-04-29 01:13:45.436] [userDataSync] [info] Settings: No changes found during synchronizing settings.
[2022-04-29 01:13:45.442] [userDataSync] [info] Keybindings: No changes found during synchronizing keybindings.
[2022-04-29 01:13:45.445] [userDataSync] [info] Snippets: No changes found during synchronizing snippets.
[2022-04-29 01:13:45.449] [userDataSync] [info] GlobalState: No changes found during synchronizing ui state.
[2022-04-29 01:13:45.535] [userDataSync] [info] Extensions: No changes found during synchronizing extensions.
[2022-04-29 01:13:45.542] [userDataSync] [info] Sync done. Took 124ms
[2022-04-29 01:13:58.873] [userDataSync] [info] Auto Sync: Triggered by Activity
[2022-04-29 01:13:58.956] [userDataSync] [info] Settings: No changes found during synchronizing settings.
[2022-04-29 01:13:58.964] [userDataSync] [info] Keybindings: No changes found during synchronizing keybindings.
[2022-04-29 01:13:58.967] [userDataSync] [info] Snippets: No changes found during synchronizing snippets.
[2022-04-29 01:13:58.973] [userDataSync] [info] GlobalState: No changes found during synchronizing ui state.
[2022-04-29 01:14:00.349] [userDataSync] [info] Extensions: Updated remote extensions
[2022-04-29 01:14:00.352] [userDataSync] [info] Extensions: Updated last synchronized extensions
[2022-04-29 01:14:00.353] [userDataSync] [info] Sync done. Took 1410ms
[2022-04-29 01:19:14.862] [userDataSync] [info] Auto Sync: Triggered by Interval
[2022-04-29 01:19:15.116] [userDataSync] [info] Settings: No changes found during synchronizing settings.
[2022-04-29 01:19:15.120] [userDataSync] [info] Keybindings: No changes found during synchronizing keybindings.
[2022-04-29 01:19:15.124] [userDataSync] [info] Snippets: No changes found during synchronizing snippets.
[2022-04-29 01:19:15.133] [userDataSync] [info] GlobalState: No changes found during synchronizing ui state.
[2022-04-29 01:19:15.234] [userDataSync] [info] Extensions: No changes found during synchronizing extensions.
[2022-04-29 01:19:15.239] [userDataSync] [info] Sync done. Took 145ms
[2022-04-29 01:20:41.884] [userDataSync] [info] Auto Sync: Triggered by Activity
[2022-04-29 01:20:41.999] [userDataSync] [info] Settings: No changes found during synchronizing settings.
[2022-04-29 01:20:42.014] [userDataSync] [info] Keybindings: No changes found during synchronizing keybindings.
[2022-04-29 01:20:42.022] [userDataSync] [info] Snippets: No changes found during synchronizing snippets.
[2022-04-29 01:20:42.031] [userDataSync] [info] GlobalState: No changes found during synchronizing ui state.
[2022-04-29 01:20:42.217] [userDataSync] [info] Extensions: No changes found during synchronizing extensions.
[2022-04-29 01:20:42.218] [userDataSync] [info] Sync done. Took 277ms
[2022-04-29 01:22:23.223] [userDataSync] [info] Auto Sync: Triggered by Activity
[2022-04-29 01:22:23.294] [userDataSync] [info] Settings: No changes found during synchronizing settings.
[2022-04-29 01:22:23.297] [userDataSync] [info] Keybindings: No changes found during synchronizing keybindings.
[2022-04-29 01:22:23.299] [userDataSync] [info] Snippets: No changes found during synchronizing snippets.
[2022-04-29 01:22:23.306] [userDataSync] [info] GlobalState: No changes found during synchronizing ui state.
[2022-04-29 01:22:23.427] [userDataSync] [info] Extensions: No changes found during synchronizing extensions.
[2022-04-29 01:22:23.438] [userDataSync] [info] Sync done. Took 154ms
[2022-04-29 01:22:29.539] [userDataSync] [info] Auto Sync: Triggered by Activity
[2022-04-29 01:22:29.650] [userDataSync] [info] Settings: No changes found during synchronizing settings.
[2022-04-29 01:22:29.670] [userDataSync] [info] Keybindings: No changes found during synchronizing keybindings.
[2022-04-29 01:22:29.673] [userDataSync] [info] Snippets: No changes found during synchronizing snippets.
[2022-04-29 01:22:30.327] [userDataSync] [info] GlobalState: Updated remote ui state
[2022-04-29 01:22:30.345] [userDataSync] [info] GlobalState: Updated last synchronized ui state
[2022-04-29 01:22:30.699] [userDataSync] [info] Extensions: No changes found during synchronizing extensions.
[2022-04-29 01:22:30.714] [userDataSync] [info] Sync done. Took 1117ms
[2022-04-29 01:22:31.781] [userDataSync] [info] Auto Sync: Triggered by Activity
[2022-04-29 01:22:31.919] [userDataSync] [info] Settings: No changes found during synchronizing settings.
[2022-04-29 01:22:31.997] [userDataSync] [info] Keybindings: No changes found during synchronizing keybindings.
[2022-04-29 01:22:32.012] [userDataSync] [info] Snippets: No changes found during synchronizing snippets.
[2022-04-29 01:22:33.017] [userDataSync] [info] GlobalState: Updated remote ui state
[2022-04-29 01:22:33.030] [userDataSync] [info] GlobalState: Updated last synchronized ui state
[2022-04-29 01:22:33.496] [userDataSync] [info] Extensions: No changes found during synchronizing extensions.
[2022-04-29 01:22:33.522] [userDataSync] [info] Sync done. Took 1639ms
[2022-04-29 01:22:57.373] [userDataSync] [info] Auto Sync: Triggered by Activity
[2022-04-29 01:22:57.513] [userDataSync] [info] Settings: No changes found during synchronizing settings.
[2022-04-29 01:22:57.518] [userDataSync] [info] Keybindings: No changes found during synchronizing keybindings.
[2022-04-29 01:22:57.523] [userDataSync] [info] Snippets: No changes found during synchronizing snippets.
[2022-04-29 01:22:57.534] [userDataSync] [info] GlobalState: No changes found during synchronizing ui state.
[2022-04-29 01:22:57.661] [userDataSync] [info] Extensions: No changes found during synchronizing extensions.
[2022-04-29 01:22:57.662] [userDataSync] [info] Sync done. Took 154ms
[2022-04-29 01:23:10.303] [userDataSync] [info] Auto Sync: Triggered by Activity
[2022-04-29 01:23:10.643] [userDataSync] [info] Settings: No changes found during synchronizing settings.
[2022-04-29 01:23:10.828] [userDataSync] [info] Keybindings: No changes found during synchronizing keybindings.
[2022-04-29 01:23:10.952] [userDataSync] [info] Snippets: No changes found during synchronizing snippets.
[2022-04-29 01:23:11.138] [userDataSync] [info] GlobalState: No changes found during synchronizing ui state.
[2022-04-29 01:23:12.204] [userDataSync] [info] Extensions: No changes found during synchronizing extensions.
[2022-04-29 01:23:12.233] [userDataSync] [info] Sync done. Took 1753ms
[2022-04-29 01:23:51.185] [userDataSync] [info] Auto Sync: Triggered by Activity
[2022-04-29 01:23:51.350] [userDataSync] [info] Settings: No changes found during synchronizing settings.
[2022-04-29 01:23:51.370] [userDataSync] [info] Keybindings: No changes found during synchronizing keybindings.
[2022-04-29 01:23:51.384] [userDataSync] [info] Snippets: No changes found during synchronizing snippets.
[2022-04-29 01:23:52.054] [userDataSync] [info] GlobalState: Updated remote ui state
[2022-04-29 01:23:52.093] [userDataSync] [info] GlobalState: Updated last synchronized ui state
[2022-04-29 01:23:52.207] [userDataSync] [info] Extensions: No changes found during synchronizing extensions.
[2022-04-29 01:23:52.207] [userDataSync] [info] Sync done. Took 928ms
[2022-04-29 01:24:02.325] [userDataSync] [info] Auto Sync: Triggered by Activity
[2022-04-29 01:24:02.379] [userDataSync] [info] Settings: No changes found during synchronizing settings.
[2022-04-29 01:24:02.387] [userDataSync] [info] Keybindings: No changes found during synchronizing keybindings.
[2022-04-29 01:24:02.391] [userDataSync] [info] Snippets: No changes found during synchronizing snippets.
[2022-04-29 01:24:02.399] [userDataSync] [info] GlobalState: No changes found during synchronizing ui state.
[2022-04-29 01:24:02.519] [userDataSync] [info] Extensions: No changes found during synchronizing extensions.
[2022-04-29 01:24:02.520] [userDataSync] [info] Sync done. Took 147ms
[2022-04-29 01:25:37.360] [userDataSync] [info] Auto Sync: Triggered by Activity
[2022-04-29 01:25:37.434] [userDataSync] [info] Settings: No changes found during synchronizing settings.
[2022-04-29 01:25:37.438] [userDataSync] [info] Keybindings: No changes found during synchronizing keybindings.
[2022-04-29 01:25:37.441] [userDataSync] [info] Snippets: No changes found during synchronizing snippets.
[2022-04-29 01:25:37.448] [userDataSync] [info] GlobalState: No changes found during synchronizing ui state.
[2022-04-29 01:25:37.604] [userDataSync] [info] Extensions: No changes found during synchronizing extensions.
[2022-04-29 01:25:37.605] [userDataSync] [info] Sync done. Took 193ms
[2022-04-29 01:30:00.393] [userDataSync] [info] Auto Sync: Triggered by Activity
[2022-04-29 01:30:02.096] [userDataSync] [info] Settings: Updated remote settings
[2022-04-29 01:30:02.126] [userDataSync] [info] Settings: Updated last synchronized settings
[2022-04-29 01:30:02.130] [userDataSync] [info] Keybindings: No changes found during synchronizing keybindings.
[2022-04-29 01:30:02.131] [userDataSync] [info] Snippets: No changes found during synchronizing snippets.
[2022-04-29 01:30:02.139] [userDataSync] [info] GlobalState: No changes found during synchronizing ui state.
[2022-04-29 01:30:02.257] [userDataSync] [info] Extensions: No changes found during synchronizing extensions.
[2022-04-29 01:30:02.258] [userDataSync] [info] Sync done. Took 1405ms
[2022-04-29 01:30:05.767] [userDataSync] [info] Auto Sync: Triggered by Activity
[2022-04-29 01:30:06.717] [userDataSync] [info] Settings: Updated remote settings
[2022-04-29 01:30:06.724] [userDataSync] [info] Settings: Updated last synchronized settings
[2022-04-29 01:30:06.728] [userDataSync] [info] Keybindings: No changes found during synchronizing keybindings.
[2022-04-29 01:30:06.731] [userDataSync] [info] Snippets: No changes found during synchronizing snippets.
[2022-04-29 01:30:06.735] [userDataSync] [info] GlobalState: No changes found during synchronizing ui state.
[2022-04-29 01:30:06.953] [userDataSync] [info] Extensions: No changes found during synchronizing extensions.
[2022-04-29 01:30:06.953] [userDataSync] [info] Sync done. Took 1094ms
[2022-04-29 01:30:09.393] [userDataSync] [info] Auto Sync: Triggered by Activity
[2022-04-29 01:30:10.445] [userDataSync] [info] Settings: Updated remote settings
[2022-04-29 01:30:10.456] [userDataSync] [info] Settings: Updated last synchronized settings
[2022-04-29 01:30:10.462] [userDataSync] [info] Keybindings: No changes found during synchronizing keybindings.
[2022-04-29 01:30:10.526] [userDataSync] [info] Snippets: No changes found during synchronizing snippets.
[2022-04-29 01:30:10.567] [userDataSync] [info] GlobalState: No changes found during synchronizing ui state.
[2022-04-29 01:30:10.680] [userDataSync] [info] Extensions: No changes found during synchronizing extensions.
[2022-04-29 01:30:10.680] [userDataSync] [info] Sync done. Took 1192ms
[2022-04-29 01:30:10.694] [userDataSync] [info] Auto Sync: Triggered by Activity
[2022-04-29 01:30:10.775] [userDataSync] [info] Settings: No changes found during synchronizing settings.
[2022-04-29 01:30:10.782] [userDataSync] [info] Keybindings: No changes found during synchronizing keybindings.
[2022-04-29 01:30:10.787] [userDataSync] [info] Snippets: No changes found during synchronizing snippets.
[2022-04-29 01:30:10.792] [userDataSync] [info] GlobalState: No changes found during synchronizing ui state.
[2022-04-29 01:30:10.881] [userDataSync] [info] Extensions: No changes found during synchronizing extensions.
[2022-04-29 01:30:10.884] [userDataSync] [info] Sync done. Took 119ms
[2022-04-29 01:30:14.006] [userDataSync] [info] Auto Sync: Triggered by Activity
[2022-04-29 01:30:15.819] [userDataSync] [info] Settings: Updated remote settings
[2022-04-29 01:30:15.824] [userDataSync] [info] Settings: Updated last synchronized settings
[2022-04-29 01:30:15.830] [userDataSync] [info] Keybindings: No changes found during synchronizing keybindings.
[2022-04-29 01:30:15.842] [userDataSync] [info] Snippets: No changes found during synchronizing snippets.
[2022-04-29 01:30:15.848] [userDataSync] [info] GlobalState: No changes found during synchronizing ui state.
[2022-04-29 01:30:15.972] [userDataSync] [info] Extensions: No changes found during synchronizing extensions.
[2022-04-29 01:30:15.976] [userDataSync] [info] Sync done. Took 1447ms
[2022-04-29 01:31:31.132] [userDataSync] [info] Auto Sync: Triggered by Activity
[2022-04-29 01:31:31.209] [userDataSync] [info] Settings: No changes found during synchronizing settings.
[2022-04-29 01:31:31.213] [userDataSync] [info] Keybindings: No changes found during synchronizing keybindings.
[2022-04-29 01:31:31.218] [userDataSync] [info] Snippets: No changes found during synchronizing snippets.
[2022-04-29 01:31:31.227] [userDataSync] [info] GlobalState: No changes found during synchronizing ui state.
[2022-04-29 01:31:31.317] [userDataSync] [info] Extensions: No changes found during synchronizing extensions.
[2022-04-29 01:31:31.317] [userDataSync] [info] Sync done. Took 125ms
[2022-04-29 22:44:11.884] [userDataSync] [info] Auto Sync: Triggered by Interval
[2022-04-29 22:44:12.436] [userDataSync] [info] Settings: No changes found during synchronizing settings.
[2022-04-29 22:44:12.500] [userDataSync] [info] Keybindings: No changes found during synchronizing keybindings.
[2022-04-29 22:44:12.521] [userDataSync] [info] Snippets: No changes found during synchronizing snippets.
[2022-04-29 22:44:12.564] [userDataSync] [info] GlobalState: No changes found during synchronizing ui state.
[2022-04-29 22:44:13.179] [userDataSync] [info] Extensions: No changes found during synchronizing extensions.
[2022-04-29 22:44:13.183] [userDataSync] [info] Sync done. Took 808ms
[2022-04-29 22:49:30.765] [userDataSync] [info] Auto Sync: Triggered by Interval
[2022-04-29 22:49:31.109] [userDataSync] [info] Settings: No changes found during synchronizing settings.
[2022-04-29 22:49:31.147] [userDataSync] [info] Keybindings: No changes found during synchronizing keybindings.
[2022-04-29 22:49:31.163] [userDataSync] [info] Snippets: No changes found during synchronizing snippets.
[2022-04-29 22:49:31.198] [userDataSync] [info] GlobalState: No changes found during synchronizing ui state.
[2022-04-29 22:49:31.601] [userDataSync] [info] Extensions: No changes found during synchronizing extensions.
[2022-04-29 22:49:31.603] [userDataSync] [info] Sync done. Took 553ms
[2022-04-29 22:54:50.334] [userDataSync] [info] Auto Sync: Triggered by Interval
[2022-04-29 22:54:50.711] [userDataSync] [info] Settings: No changes found during synchronizing settings.
[2022-04-29 22:54:50.726] [userDataSync] [info] Keybindings: No changes found during synchronizing keybindings.
[2022-04-29 22:54:50.748] [userDataSync] [info] Snippets: No changes found during synchronizing snippets.
[2022-04-29 22:54:50.787] [userDataSync] [info] GlobalState: No changes found during synchronizing ui state.
[2022-04-29 22:54:51.328] [userDataSync] [info] Extensions: No changes found during synchronizing extensions.
[2022-04-29 22:54:51.330] [userDataSync] [info] Sync done. Took 704ms
[2022-04-29 22:59:56.553] [userDataSync] [info] Auto Sync: Triggered by Interval
[2022-04-29 22:59:56.862] [userDataSync] [info] Settings: No changes found during synchronizing settings.
[2022-04-29 22:59:56.877] [userDataSync] [info] Keybindings: No changes found during synchronizing keybindings.
[2022-04-29 22:59:56.882] [userDataSync] [info] Snippets: No changes found during synchronizing snippets.
[2022-04-29 22:59:56.893] [userDataSync] [info] GlobalState: No changes found during synchronizing ui state.
[2022-04-29 22:59:57.015] [userDataSync] [info] Extensions: No changes found during synchronizing extensions.
[2022-04-29 22:59:57.015] [userDataSync] [info] Sync done. Took 159ms
[2022-04-29 23:05:19.679] [userDataSync] [info] Auto Sync: Triggered by Interval
[2022-04-29 23:05:19.985] [userDataSync] [info] Settings: No changes found during synchronizing settings.
[2022-04-29 23:05:20.004] [userDataSync] [info] Keybindings: No changes found during synchronizing keybindings.
[2022-04-29 23:05:20.021] [userDataSync] [info] Snippets: No changes found during synchronizing snippets.
[2022-04-29 23:05:20.058] [userDataSync] [info] GlobalState: No changes found during synchronizing ui state.
[2022-04-29 23:05:20.523] [userDataSync] [info] Extensions: No changes found during synchronizing extensions.
[2022-04-29 23:05:20.524] [userDataSync] [info] Sync done. Took 596ms
[2022-04-29 23:10:37.493] [userDataSync] [info] Auto Sync: Triggered by Interval
[2022-04-29 23:10:37.808] [userDataSync] [info] Settings: No changes found during synchronizing settings.
[2022-04-29 23:10:37.824] [userDataSync] [info] Keybindings: No changes found during synchronizing keybindings.
[2022-04-29 23:10:37.842] [userDataSync] [info] Snippets: No changes found during synchronizing snippets.
[2022-04-29 23:10:37.869] [userDataSync] [info] GlobalState: No changes found during synchronizing ui state.
[2022-04-29 23:10:38.180] [userDataSync] [info] Extensions: No changes found during synchronizing extensions.
[2022-04-29 23:10:38.192] [userDataSync] [info] Sync done. Took 455ms
[2022-04-29 23:15:41.417] [userDataSync] [info] Auto Sync: Triggered by Interval
[2022-04-29 23:15:41.761] [userDataSync] [info] Settings: No changes found during synchronizing settings.
[2022-04-29 23:15:41.776] [userDataSync] [info] Keybindings: No changes found during synchronizing keybindings.
[2022-04-29 23:15:41.790] [userDataSync] [info] Snippets: No changes found during synchronizing snippets.
[2022-04-29 23:15:41.827] [userDataSync] [info] GlobalState: No changes found during synchronizing ui state.
[2022-04-29 23:15:42.254] [userDataSync] [info] Extensions: No changes found during synchronizing extensions.
[2022-04-29 23:15:42.257] [userDataSync] [info] Sync done. Took 587ms
[2022-04-29 23:21:10.170] [userDataSync] [info] Auto Sync: Triggered by Interval
[2022-04-29 23:21:10.466] [userDataSync] [info] Settings: No changes found during synchronizing settings.
[2022-04-29 23:21:10.531] [userDataSync] [info] Keybindings: No changes found during synchronizing keybindings.
[2022-04-29 23:21:10.549] [userDataSync] [info] Snippets: No changes found during synchronizing snippets.
[2022-04-29 23:21:10.585] [userDataSync] [info] GlobalState: No changes found during synchronizing ui state.
[2022-04-29 23:21:11.036] [userDataSync] [info] Extensions: No changes found during synchronizing extensions.
[2022-04-29 23:21:11.038] [userDataSync] [info] Sync done. Took 604ms
[2022-04-29 23:26:24.150] [userDataSync] [info] Auto Sync: Triggered by Interval
[2022-04-29 23:26:24.468] [userDataSync] [info] Settings: No changes found during synchronizing settings.
[2022-04-29 23:26:24.476] [userDataSync] [info] Keybindings: No changes found during synchronizing keybindings.
[2022-04-29 23:26:24.489] [userDataSync] [info] Snippets: No changes found during synchronizing snippets.
[2022-04-29 23:26:24.514] [userDataSync] [info] GlobalState: No changes found during synchronizing ui state.
[2022-04-29 23:26:24.963] [userDataSync] [info] Extensions: No changes found during synchronizing extensions.
[2022-04-29 23:26:24.978] [userDataSync] [info] Sync done. Took 528ms
[2022-04-29 23:31:33.450] [userDataSync] [info] Auto Sync: Triggered by Interval
[2022-04-29 23:31:33.777] [userDataSync] [info] Settings: No changes found during synchronizing settings.
[2022-04-29 23:31:33.787] [userDataSync] [info] Keybindings: No changes found during synchronizing keybindings.
[2022-04-29 23:31:33.797] [userDataSync] [info] Snippets: No changes found during synchronizing snippets.
[2022-04-29 23:31:33.831] [userDataSync] [info] GlobalState: No changes found during synchronizing ui state.
[2022-04-29 23:31:34.252] [userDataSync] [info] Extensions: No changes found during synchronizing extensions.
[2022-04-29 23:31:34.264] [userDataSync] [info] Sync done. Took 558ms
[2022-04-29 23:50:45.103] [userDataSync] [info] Auto Sync: Triggered by Interval
[2022-04-29 23:50:45.460] [userDataSync] [info] Settings: No changes found during synchronizing settings.
[2022-04-29 23:50:45.470] [userDataSync] [info] Keybindings: No changes found during synchronizing keybindings.
[2022-04-29 23:50:45.476] [userDataSync] [info] Snippets: No changes found during synchronizing snippets.
[2022-04-29 23:50:45.486] [userDataSync] [info] GlobalState: No changes found during synchronizing ui state.
[2022-04-29 23:50:45.660] [userDataSync] [info] Extensions: No changes found during synchronizing extensions.
[2022-04-29 23:50:45.661] [userDataSync] [info] Sync done. Took 283ms
[2022-04-29 23:56:14.206] [userDataSync] [info] Auto Sync: Triggered by Interval
[2022-04-29 23:56:14.540] [userDataSync] [info] Settings: No changes found during synchronizing settings.
[2022-04-29 23:56:14.569] [userDataSync] [info] Keybindings: No changes found during synchronizing keybindings.
[2022-04-29 23:56:14.572] [userDataSync] [info] Snippets: No changes found during synchronizing snippets.
[2022-04-29 23:56:14.594] [userDataSync] [info] GlobalState: No changes found during synchronizing ui state.
[2022-04-29 23:56:14.749] [userDataSync] [info] Extensions: No changes found during synchronizing extensions.
[2022-04-29 23:56:14.749] [userDataSync] [info] Sync done. Took 248ms
[2022-04-30 00:01:31.109] [userDataSync] [info] Auto Sync: Triggered by Interval
[2022-04-30 00:01:31.396] [userDataSync] [info] Settings: No changes found during synchronizing settings.
[2022-04-30 00:01:31.399] [userDataSync] [info] Keybindings: No changes found during synchronizing keybindings.
[2022-04-30 00:01:31.402] [userDataSync] [info] Snippets: No changes found during synchronizing snippets.
[2022-04-30 00:01:31.412] [userDataSync] [info] GlobalState: No changes found during synchronizing ui state.
[2022-04-30 00:01:31.583] [userDataSync] [info] Extensions: No changes found during synchronizing extensions.
[2022-04-30 00:01:31.584] [userDataSync] [info] Sync done. Took 213ms
