[Error - 8:17:54 PM] Apr 28, 2022, 8:17:54 PM Failed to build workspace.
jdt.ls-java-project does not exist
Java Model Exception: Java Model Status [jdt.ls-java-project does not exist]
	at org.eclipse.jdt.internal.core.JavaElement.newJavaModelException(JavaElement.java:583)
	at org.eclipse.jdt.internal.core.Openable.generateInfos(Openable.java:254)
	at org.eclipse.jdt.internal.core.JavaElement.openWhenClosed(JavaElement.java:596)
	at org.eclipse.jdt.internal.core.JavaElement.getElementInfo(JavaElement.java:326)
	at org.eclipse.jdt.internal.core.JavaElement.getElementInfo(JavaElement.java:312)
	at org.eclipse.jdt.internal.core.JavaElement.getChildren(JavaElement.java:267)
	at org.eclipse.jdt.internal.core.JavaProject.getPackageFragmentRoots(JavaProject.java:2322)
	at org.eclipse.jdt.internal.core.JavaProject.getPackageFragments(JavaProject.java:2346)
	at org.eclipse.jdt.ls.core.internal.managers.ProjectsManager.cleanupResources(ProjectsManager.java:212)
	at org.eclipse.jdt.ls.core.internal.handlers.BuildWorkspaceHandler.buildWorkspace(BuildWorkspaceHandler.java:53)
	at org.eclipse.jdt.ls.core.internal.handlers.JDTLanguageServer.lambda$26(JDTLanguageServer.java:835)
	at org.eclipse.jdt.ls.core.internal.handlers.JDTLanguageServer.lambda$51(JDTLanguageServer.java:1007)
	at java.base/java.util.concurrent.CompletableFuture$UniApply.tryFire(CompletableFuture.java:642)
	at java.base/java.util.concurrent.CompletableFuture$Completion.run(CompletableFuture.java:478)
	at java.base/java.lang.Thread.run(Thread.java:834)

[Warn  - 8:20:43 PM] Apr 28, 2022, 8:20:43 PM >> execute error, message: execute ScanWorkspaceCommand error
[Error - 8:23:03 PM] Apr 28, 2022, 8:23:03 PM Offset > length: 1 > 0
Offset > length: 1 > 0
org.eclipse.jface.text.BadLocationException: Offset > length: 1 > 0
	at org.eclipse.jface.text.ListLineTracker.getLineNumberOfOffset(ListLineTracker.java:141)
	at org.eclipse.jface.text.AbstractLineTracker.getLineNumberOfOffset(AbstractLineTracker.java:155)
	at org.eclipse.jface.text.AbstractDocument.getLineOfOffset(AbstractDocument.java:872)
	at org.eclipse.core.internal.filebuffers.SynchronizableDocument.getLineOfOffset(SynchronizableDocument.java:334)
	at org.eclipse.jdt.ls.core.internal.handlers.JsonRpcHelpers.toLine(JsonRpcHelpers.java:156)
	at org.eclipse.jdt.ls.core.internal.handlers.JsonRpcHelpers.toLine(JsonRpcHelpers.java:101)
	at org.eclipse.jdt.ls.core.internal.JDTUtils.toRange(JDTUtils.java:855)
	at org.eclipse.jdt.ls.core.internal.handlers.BaseDiagnosticsHandler.convertRange(BaseDiagnosticsHandler.java:234)
	at org.eclipse.jdt.ls.core.internal.handlers.BaseDiagnosticsHandler.toDiagnosticsArray(BaseDiagnosticsHandler.java:149)
	at org.eclipse.jdt.ls.core.internal.handlers.BaseDiagnosticsHandler.endReporting(BaseDiagnosticsHandler.java:127)
	at org.eclipse.jdt.internal.core.ReconcileWorkingCopyOperation.reportProblems(ReconcileWorkingCopyOperation.java:148)
	at org.eclipse.jdt.internal.core.ReconcileWorkingCopyOperation.executeOperation(ReconcileWorkingCopyOperation.java:112)
	at org.eclipse.jdt.internal.core.JavaModelOperation.run(JavaModelOperation.java:740)
	at org.eclipse.jdt.internal.core.JavaModelOperation.runOperation(JavaModelOperation.java:806)
	at org.eclipse.jdt.internal.core.CompilationUnit.reconcile(CompilationUnit.java:1319)
	at org.eclipse.jdt.ls.core.internal.handlers.BaseDocumentLifeCycleHandler.publishDiagnostics(BaseDocumentLifeCycleHandler.java:264)
	at org.eclipse.jdt.ls.core.internal.handlers.BaseDocumentLifeCycleHandler.publishDiagnostics(BaseDocumentLifeCycleHandler.java:228)
	at org.eclipse.jdt.ls.core.internal.handlers.BaseDocumentLifeCycleHandler$2.runInWorkspace(BaseDocumentLifeCycleHandler.java:100)
	at org.eclipse.core.internal.resources.InternalWorkspaceJob.run(InternalWorkspaceJob.java:42)
	at org.eclipse.core.internal.jobs.Worker.run(Worker.java:63)

