Activating 'vscode-spring-boot' extension
Found java exe: /usr/lib/jvm/java-1.8.0-openjdk-1.8.0.312.b07-1.el8_4.x86_64/jre/bin/java
isJavaEightOrHigher => true
Redirecting server logs to /dev/null
ERR: Error: A JNI error has occurred, please check your installation and try again
ERR: 

ERR: Exception 
ERR: in thread "main" 
ERR: java.lang.UnsupportedClassVersionError: org/springframework/ide/vscode/boot/app/BootLanguagServerBootApp has been compiled by a more recent version of the Java Runtime (class file version 55.0), this version of the Java Runtime only recognizes class file versions up to 52.0
ERR: 

ERR: 	at java.lang.ClassLoader.defineClass1(Native Method)
	at java.lang.ClassLoader.defineClass(ClassLoader.java:756)
	at java.security.SecureClassLoader.defineClass(SecureClassLoader.java:142)

ERR: 	at java.net.URLClassLoader.defineClass(URLClassLoader.java:473)
	at java.net.URLClassLoader.access$100(URLClassLoader.java:74)
	at java.net.URLClassLoader$1.run(URLClassLoader.java:369)
ERR: 
	at java.net.URLClassLoader$1.run(URLClassLoader.java:363)
	at java.security.AccessController.doPrivileged(Native Method)
ERR: 
	at java.net.URLClassLoader.findClass(URLClassLoader.java:362)
	at java.lang.ClassLoader.loadClass(ClassLoader.java:418)

ERR: 	at sun.misc.Launcher$AppClassLoader.loadClass(Launcher.java:352)
	at java.lang.ClassLoader.loadClass(ClassLoader.java:351)

ERR: 	at sun.launcher.LauncherHelper.checkAndLoadMain(LauncherHelper.java:601)

