[Error - 8:35:29 PM] Apr 28, 2022, 8:35:29 PM Failed to build workspace.
jdt.ls-java-project does not exist
Java Model Exception: Java Model Status [jdt.ls-java-project does not exist]
	at org.eclipse.jdt.internal.core.JavaElement.newJavaModelException(JavaElement.java:583)
	at org.eclipse.jdt.internal.core.Openable.generateInfos(Openable.java:254)
	at org.eclipse.jdt.internal.core.JavaElement.openWhenClosed(JavaElement.java:596)
	at org.eclipse.jdt.internal.core.JavaElement.getElementInfo(JavaElement.java:326)
	at org.eclipse.jdt.internal.core.JavaElement.getElementInfo(JavaElement.java:312)
	at org.eclipse.jdt.internal.core.JavaElement.getChildren(JavaElement.java:267)
	at org.eclipse.jdt.internal.core.JavaProject.getPackageFragmentRoots(JavaProject.java:2322)
	at org.eclipse.jdt.internal.core.JavaProject.getPackageFragments(JavaProject.java:2346)
	at org.eclipse.jdt.ls.core.internal.managers.ProjectsManager.cleanupResources(ProjectsManager.java:212)
	at org.eclipse.jdt.ls.core.internal.handlers.BuildWorkspaceHandler.buildWorkspace(BuildWorkspaceHandler.java:53)
	at org.eclipse.jdt.ls.core.internal.handlers.JDTLanguageServer.lambda$26(JDTLanguageServer.java:835)
	at org.eclipse.jdt.ls.core.internal.handlers.JDTLanguageServer.lambda$51(JDTLanguageServer.java:1007)
	at java.base/java.util.concurrent.CompletableFuture$UniApply.tryFire(CompletableFuture.java:642)
	at java.base/java.util.concurrent.CompletableFuture$Completion.run(CompletableFuture.java:478)
	at java.base/java.lang.Thread.run(Thread.java:834)

[Error - 8:35:49 PM] Apr 28, 2022, 8:35:49 PM Failed to create linked resource from file:///mnt/hgfs/georgezhang/leetcode/java/HelloWorld.java to jdt.ls-java-project
Resource '/jdt.ls-java-project/src/HelloWorld.java' already exists.
org.eclipse.core.internal.resources.ResourceException(/jdt.ls-java-project/src/HelloWorld.java)[367]: java.lang.Exception: Resource '/jdt.ls-java-project/src/HelloWorld.java' already exists.
	at org.eclipse.core.internal.resources.ResourceException.provideStackTrace(ResourceException.java:42)
	at org.eclipse.core.internal.resources.ResourceException.<init>(ResourceException.java:38)
	at org.eclipse.core.internal.resources.Workspace.createResource(Workspace.java:1369)
	at org.eclipse.core.internal.resources.Workspace.createResource(Workspace.java:1304)
	at org.eclipse.core.internal.resources.Resource.createLink(Resource.java:643)
	at org.eclipse.jdt.ls.core.internal.JDTUtils.getFakeCompilationUnit(JDTUtils.java:270)
	at org.eclipse.jdt.ls.core.internal.JDTUtils.resolveCompilationUnit(JDTUtils.java:185)
	at org.eclipse.jdt.ls.core.internal.JDTUtils.resolveCompilationUnit(JDTUtils.java:165)
	at org.eclipse.jdt.ls.core.internal.commands.ProjectCommand.isTestFile(ProjectCommand.java:189)
	at org.eclipse.jdt.ls.core.internal.JDTDelegateCommandHandler.executeCommand(JDTDelegateCommandHandler.java:82)
	at org.eclipse.jdt.ls.core.internal.handlers.WorkspaceExecuteCommandHandler$1.run(WorkspaceExecuteCommandHandler.java:215)
	at org.eclipse.core.runtime.SafeRunner.run(SafeRunner.java:45)
	at org.eclipse.jdt.ls.core.internal.handlers.WorkspaceExecuteCommandHandler.executeCommand(WorkspaceExecuteCommandHandler.java:205)
	at org.eclipse.jdt.ls.core.internal.handlers.JDTLanguageServer.lambda$3(JDTLanguageServer.java:506)
	at org.eclipse.jdt.ls.core.internal.BaseJDTLanguageServer.lambda$0(BaseJDTLanguageServer.java:75)
	at java.base/java.util.concurrent.CompletableFuture$UniApply.tryFire(CompletableFuture.java:642)
	at java.base/java.util.concurrent.CompletableFuture$Completion.run(CompletableFuture.java:478)
	at java.base/java.lang.Thread.run(Thread.java:834)

[Error - 8:36:45 PM] Apr 28, 2022, 8:36:45 PM Index out of bounds
Index out of bounds
Java Model Exception: Java Model Status [Index out of bounds]
	at org.eclipse.jdt.internal.core.Openable.codeSelect(Openable.java:162)
	at org.eclipse.jdt.internal.core.CompilationUnit.codeSelect(CompilationUnit.java:389)
	at org.eclipse.jdt.internal.core.CompilationUnit.codeSelect(CompilationUnit.java:382)
	at org.eclipse.jdt.ls.core.internal.JDTUtils.findElementsAtSelection(JDTUtils.java:944)
	at org.eclipse.jdt.ls.core.internal.JDTUtils.findElementAtSelection(JDTUtils.java:925)
	at org.eclipse.jdt.ls.core.internal.text.correction.SourceAssistProcessor.getSourceActionCommands(SourceAssistProcessor.java:106)
	at org.eclipse.jdt.ls.core.internal.handlers.CodeActionHandler.getCodeActionCommands(CodeActionHandler.java:208)
	at org.eclipse.jdt.ls.core.internal.handlers.JDTLanguageServer.lambda$14(JDTLanguageServer.java:649)
	at org.eclipse.jdt.ls.core.internal.BaseJDTLanguageServer.lambda$0(BaseJDTLanguageServer.java:75)
	at java.base/java.util.concurrent.CompletableFuture$UniApply.tryFire(CompletableFuture.java:642)
	at java.base/java.util.concurrent.CompletableFuture$Completion.run(CompletableFuture.java:478)
	at java.base/java.lang.Thread.run(Thread.java:834)

[Error - 8:36:45 PM] Apr 28, 2022, 8:36:45 PM Index out of bounds
Index out of bounds
Java Model Exception: Java Model Status [Index out of bounds]
	at org.eclipse.jdt.internal.core.Openable.codeSelect(Openable.java:162)
	at org.eclipse.jdt.internal.core.CompilationUnit.codeSelect(CompilationUnit.java:389)
	at org.eclipse.jdt.internal.core.CompilationUnit.codeSelect(CompilationUnit.java:382)
	at org.eclipse.jdt.ls.core.internal.JDTUtils.findElementsAtSelection(JDTUtils.java:944)
	at org.eclipse.jdt.ls.core.internal.JDTUtils.findElementAtSelection(JDTUtils.java:925)
	at org.eclipse.jdt.ls.core.internal.text.correction.SourceAssistProcessor.getSourceActionCommands(SourceAssistProcessor.java:106)
	at org.eclipse.jdt.ls.core.internal.handlers.CodeActionHandler.getCodeActionCommands(CodeActionHandler.java:208)
	at org.eclipse.jdt.ls.core.internal.handlers.JDTLanguageServer.lambda$14(JDTLanguageServer.java:649)
	at org.eclipse.jdt.ls.core.internal.BaseJDTLanguageServer.lambda$0(BaseJDTLanguageServer.java:75)
	at java.base/java.util.concurrent.CompletableFuture$UniApply.tryFire(CompletableFuture.java:642)
	at java.base/java.util.concurrent.CompletableFuture$Completion.run(CompletableFuture.java:478)
	at java.base/java.lang.Thread.run(Thread.java:834)

[Error - 8:36:45 PM] Apr 28, 2022, 8:36:45 PM Index out of bounds
Index out of bounds
Java Model Exception: Java Model Status [Index out of bounds]
	at org.eclipse.jdt.internal.core.Openable.codeSelect(Openable.java:162)
	at org.eclipse.jdt.internal.core.CompilationUnit.codeSelect(CompilationUnit.java:389)
	at org.eclipse.jdt.internal.core.CompilationUnit.codeSelect(CompilationUnit.java:382)
	at org.eclipse.jdt.ls.core.internal.JDTUtils.findElementsAtSelection(JDTUtils.java:944)
	at org.eclipse.jdt.ls.core.internal.JDTUtils.findElementAtSelection(JDTUtils.java:925)
	at org.eclipse.jdt.ls.core.internal.text.correction.SourceAssistProcessor.getSourceActionCommands(SourceAssistProcessor.java:106)
	at org.eclipse.jdt.ls.core.internal.handlers.CodeActionHandler.getCodeActionCommands(CodeActionHandler.java:208)
	at org.eclipse.jdt.ls.core.internal.handlers.JDTLanguageServer.lambda$14(JDTLanguageServer.java:649)
	at org.eclipse.jdt.ls.core.internal.BaseJDTLanguageServer.lambda$0(BaseJDTLanguageServer.java:75)
	at java.base/java.util.concurrent.CompletableFuture$UniApply.tryFire(CompletableFuture.java:642)
	at java.base/java.util.concurrent.CompletableFuture$Completion.run(CompletableFuture.java:478)
	at java.base/java.lang.Thread.run(Thread.java:834)

[Error - 8:36:46 PM] Apr 28, 2022, 8:36:46 PM Index out of bounds
Index out of bounds
Java Model Exception: Java Model Status [Index out of bounds]
	at org.eclipse.jdt.internal.core.Openable.codeSelect(Openable.java:162)
	at org.eclipse.jdt.internal.core.CompilationUnit.codeSelect(CompilationUnit.java:389)
	at org.eclipse.jdt.internal.core.CompilationUnit.codeSelect(CompilationUnit.java:382)
	at org.eclipse.jdt.ls.core.internal.JDTUtils.findElementsAtSelection(JDTUtils.java:944)
	at org.eclipse.jdt.ls.core.internal.JDTUtils.findElementAtSelection(JDTUtils.java:925)
	at org.eclipse.jdt.ls.core.internal.text.correction.SourceAssistProcessor.getSourceActionCommands(SourceAssistProcessor.java:106)
	at org.eclipse.jdt.ls.core.internal.handlers.CodeActionHandler.getCodeActionCommands(CodeActionHandler.java:208)
	at org.eclipse.jdt.ls.core.internal.handlers.JDTLanguageServer.lambda$14(JDTLanguageServer.java:649)
	at org.eclipse.jdt.ls.core.internal.BaseJDTLanguageServer.lambda$0(BaseJDTLanguageServer.java:75)
	at java.base/java.util.concurrent.CompletableFuture$UniApply.tryFire(CompletableFuture.java:642)
	at java.base/java.util.concurrent.CompletableFuture$Completion.run(CompletableFuture.java:478)
	at java.base/java.lang.Thread.run(Thread.java:834)

[Error - 8:36:52 PM] Apr 28, 2022, 8:36:52 PM Index out of bounds
Index out of bounds
Java Model Exception: Java Model Status [Index out of bounds]
	at org.eclipse.jdt.internal.core.Openable.codeSelect(Openable.java:162)
	at org.eclipse.jdt.internal.core.CompilationUnit.codeSelect(CompilationUnit.java:389)
	at org.eclipse.jdt.internal.core.CompilationUnit.codeSelect(CompilationUnit.java:382)
	at org.eclipse.jdt.ls.core.internal.JDTUtils.findElementsAtSelection(JDTUtils.java:944)
	at org.eclipse.jdt.ls.core.internal.JDTUtils.findElementAtSelection(JDTUtils.java:925)
	at org.eclipse.jdt.ls.core.internal.text.correction.SourceAssistProcessor.getSourceActionCommands(SourceAssistProcessor.java:106)
	at org.eclipse.jdt.ls.core.internal.handlers.CodeActionHandler.getCodeActionCommands(CodeActionHandler.java:208)
	at org.eclipse.jdt.ls.core.internal.handlers.JDTLanguageServer.lambda$14(JDTLanguageServer.java:649)
	at org.eclipse.jdt.ls.core.internal.BaseJDTLanguageServer.lambda$0(BaseJDTLanguageServer.java:75)
	at java.base/java.util.concurrent.CompletableFuture$UniApply.tryFire(CompletableFuture.java:642)
	at java.base/java.util.concurrent.CompletableFuture$Completion.run(CompletableFuture.java:478)
	at java.base/java.lang.Thread.run(Thread.java:834)

[Error - 8:36:53 PM] Apr 28, 2022, 8:36:53 PM Index out of bounds
Index out of bounds
Java Model Exception: Java Model Status [Index out of bounds]
	at org.eclipse.jdt.internal.core.Openable.codeSelect(Openable.java:162)
	at org.eclipse.jdt.internal.core.CompilationUnit.codeSelect(CompilationUnit.java:389)
	at org.eclipse.jdt.internal.core.CompilationUnit.codeSelect(CompilationUnit.java:382)
	at org.eclipse.jdt.ls.core.internal.JDTUtils.findElementsAtSelection(JDTUtils.java:944)
	at org.eclipse.jdt.ls.core.internal.JDTUtils.findElementAtSelection(JDTUtils.java:925)
	at org.eclipse.jdt.ls.core.internal.text.correction.SourceAssistProcessor.getSourceActionCommands(SourceAssistProcessor.java:106)
	at org.eclipse.jdt.ls.core.internal.handlers.CodeActionHandler.getCodeActionCommands(CodeActionHandler.java:208)
	at org.eclipse.jdt.ls.core.internal.handlers.JDTLanguageServer.lambda$14(JDTLanguageServer.java:649)
	at org.eclipse.jdt.ls.core.internal.BaseJDTLanguageServer.lambda$0(BaseJDTLanguageServer.java:75)
	at java.base/java.util.concurrent.CompletableFuture$UniApply.tryFire(CompletableFuture.java:642)
	at java.base/java.util.concurrent.CompletableFuture$Completion.run(CompletableFuture.java:478)
	at java.base/java.lang.Thread.run(Thread.java:834)

[Error - 8:36:55 PM] Apr 28, 2022, 8:36:55 PM Index out of bounds
Index out of bounds
Java Model Exception: Java Model Status [Index out of bounds]
	at org.eclipse.jdt.internal.core.Openable.codeSelect(Openable.java:162)
	at org.eclipse.jdt.internal.core.CompilationUnit.codeSelect(CompilationUnit.java:389)
	at org.eclipse.jdt.internal.core.CompilationUnit.codeSelect(CompilationUnit.java:382)
	at org.eclipse.jdt.ls.core.internal.JDTUtils.findElementsAtSelection(JDTUtils.java:944)
	at org.eclipse.jdt.ls.core.internal.JDTUtils.findElementAtSelection(JDTUtils.java:925)
	at org.eclipse.jdt.ls.core.internal.text.correction.SourceAssistProcessor.getSourceActionCommands(SourceAssistProcessor.java:106)
	at org.eclipse.jdt.ls.core.internal.handlers.CodeActionHandler.getCodeActionCommands(CodeActionHandler.java:208)
	at org.eclipse.jdt.ls.core.internal.handlers.JDTLanguageServer.lambda$14(JDTLanguageServer.java:649)
	at org.eclipse.jdt.ls.core.internal.BaseJDTLanguageServer.lambda$0(BaseJDTLanguageServer.java:75)
	at java.base/java.util.concurrent.CompletableFuture$UniApply.tryFire(CompletableFuture.java:642)
	at java.base/java.util.concurrent.CompletableFuture$Completion.run(CompletableFuture.java:478)
	at java.base/java.lang.Thread.run(Thread.java:834)

[Error - 8:36:56 PM] Apr 28, 2022, 8:36:56 PM Index out of bounds
Index out of bounds
Java Model Exception: Java Model Status [Index out of bounds]
	at org.eclipse.jdt.internal.core.Openable.codeSelect(Openable.java:162)
	at org.eclipse.jdt.internal.core.CompilationUnit.codeSelect(CompilationUnit.java:389)
	at org.eclipse.jdt.internal.core.CompilationUnit.codeSelect(CompilationUnit.java:382)
	at org.eclipse.jdt.ls.core.internal.JDTUtils.findElementsAtSelection(JDTUtils.java:944)
	at org.eclipse.jdt.ls.core.internal.JDTUtils.findElementAtSelection(JDTUtils.java:925)
	at org.eclipse.jdt.ls.core.internal.text.correction.SourceAssistProcessor.getSourceActionCommands(SourceAssistProcessor.java:106)
	at org.eclipse.jdt.ls.core.internal.handlers.CodeActionHandler.getCodeActionCommands(CodeActionHandler.java:208)
	at org.eclipse.jdt.ls.core.internal.handlers.JDTLanguageServer.lambda$14(JDTLanguageServer.java:649)
	at org.eclipse.jdt.ls.core.internal.BaseJDTLanguageServer.lambda$0(BaseJDTLanguageServer.java:75)
	at java.base/java.util.concurrent.CompletableFuture$UniApply.tryFire(CompletableFuture.java:642)
	at java.base/java.util.concurrent.CompletableFuture$Completion.run(CompletableFuture.java:478)
	at java.base/java.lang.Thread.run(Thread.java:834)

[Error - 8:36:57 PM] Apr 28, 2022, 8:36:57 PM Index out of bounds
Index out of bounds
Java Model Exception: Java Model Status [Index out of bounds]
	at org.eclipse.jdt.internal.core.Openable.codeSelect(Openable.java:162)
	at org.eclipse.jdt.internal.core.CompilationUnit.codeSelect(CompilationUnit.java:389)
	at org.eclipse.jdt.internal.core.CompilationUnit.codeSelect(CompilationUnit.java:382)
	at org.eclipse.jdt.ls.core.internal.JDTUtils.findElementsAtSelection(JDTUtils.java:944)
	at org.eclipse.jdt.ls.core.internal.JDTUtils.findElementAtSelection(JDTUtils.java:925)
	at org.eclipse.jdt.ls.core.internal.text.correction.SourceAssistProcessor.getSourceActionCommands(SourceAssistProcessor.java:106)
	at org.eclipse.jdt.ls.core.internal.handlers.CodeActionHandler.getCodeActionCommands(CodeActionHandler.java:208)
	at org.eclipse.jdt.ls.core.internal.handlers.JDTLanguageServer.lambda$14(JDTLanguageServer.java:649)
	at org.eclipse.jdt.ls.core.internal.BaseJDTLanguageServer.lambda$0(BaseJDTLanguageServer.java:75)
	at java.base/java.util.concurrent.CompletableFuture$UniApply.tryFire(CompletableFuture.java:642)
	at java.base/java.util.concurrent.CompletableFuture$Completion.run(CompletableFuture.java:478)
	at java.base/java.lang.Thread.run(Thread.java:834)

[Error - 8:36:59 PM] Apr 28, 2022, 8:36:59 PM Index out of bounds
Index out of bounds
Java Model Exception: Java Model Status [Index out of bounds]
	at org.eclipse.jdt.internal.core.Openable.codeSelect(Openable.java:162)
	at org.eclipse.jdt.internal.core.CompilationUnit.codeSelect(CompilationUnit.java:389)
	at org.eclipse.jdt.internal.core.CompilationUnit.codeSelect(CompilationUnit.java:382)
	at org.eclipse.jdt.ls.core.internal.JDTUtils.findElementsAtSelection(JDTUtils.java:944)
	at org.eclipse.jdt.ls.core.internal.JDTUtils.findElementAtSelection(JDTUtils.java:925)
	at org.eclipse.jdt.ls.core.internal.text.correction.SourceAssistProcessor.getSourceActionCommands(SourceAssistProcessor.java:106)
	at org.eclipse.jdt.ls.core.internal.handlers.CodeActionHandler.getCodeActionCommands(CodeActionHandler.java:208)
	at org.eclipse.jdt.ls.core.internal.handlers.JDTLanguageServer.lambda$14(JDTLanguageServer.java:649)
	at org.eclipse.jdt.ls.core.internal.BaseJDTLanguageServer.lambda$0(BaseJDTLanguageServer.java:75)
	at java.base/java.util.concurrent.CompletableFuture$UniApply.tryFire(CompletableFuture.java:642)
	at java.base/java.util.concurrent.CompletableFuture$Completion.run(CompletableFuture.java:478)
	at java.base/java.lang.Thread.run(Thread.java:834)

[Error - 8:37:03 PM] Apr 28, 2022, 8:37:03 PM Index out of bounds
Index out of bounds
Java Model Exception: Java Model Status [Index out of bounds]
	at org.eclipse.jdt.internal.core.Openable.codeSelect(Openable.java:162)
	at org.eclipse.jdt.internal.core.CompilationUnit.codeSelect(CompilationUnit.java:389)
	at org.eclipse.jdt.internal.core.CompilationUnit.codeSelect(CompilationUnit.java:382)
	at org.eclipse.jdt.ls.core.internal.JDTUtils.findElementsAtSelection(JDTUtils.java:944)
	at org.eclipse.jdt.ls.core.internal.JDTUtils.findElementAtSelection(JDTUtils.java:925)
	at org.eclipse.jdt.ls.core.internal.text.correction.SourceAssistProcessor.getSourceActionCommands(SourceAssistProcessor.java:106)
	at org.eclipse.jdt.ls.core.internal.handlers.CodeActionHandler.getCodeActionCommands(CodeActionHandler.java:208)
	at org.eclipse.jdt.ls.core.internal.handlers.JDTLanguageServer.lambda$14(JDTLanguageServer.java:649)
	at org.eclipse.jdt.ls.core.internal.BaseJDTLanguageServer.lambda$0(BaseJDTLanguageServer.java:75)
	at java.base/java.util.concurrent.CompletableFuture$UniApply.tryFire(CompletableFuture.java:642)
	at java.base/java.util.concurrent.CompletableFuture$Completion.run(CompletableFuture.java:478)
	at java.base/java.lang.Thread.run(Thread.java:834)

[Error - 8:37:07 PM] Apr 28, 2022, 8:37:07 PM Index out of bounds
Index out of bounds
Java Model Exception: Java Model Status [Index out of bounds]
	at org.eclipse.jdt.internal.core.Openable.codeSelect(Openable.java:162)
	at org.eclipse.jdt.internal.core.CompilationUnit.codeSelect(CompilationUnit.java:389)
	at org.eclipse.jdt.internal.core.CompilationUnit.codeSelect(CompilationUnit.java:382)
	at org.eclipse.jdt.ls.core.internal.JDTUtils.findElementsAtSelection(JDTUtils.java:944)
	at org.eclipse.jdt.ls.core.internal.JDTUtils.findElementAtSelection(JDTUtils.java:925)
	at org.eclipse.jdt.ls.core.internal.text.correction.SourceAssistProcessor.getSourceActionCommands(SourceAssistProcessor.java:106)
	at org.eclipse.jdt.ls.core.internal.handlers.CodeActionHandler.getCodeActionCommands(CodeActionHandler.java:208)
	at org.eclipse.jdt.ls.core.internal.handlers.JDTLanguageServer.lambda$14(JDTLanguageServer.java:649)
	at org.eclipse.jdt.ls.core.internal.BaseJDTLanguageServer.lambda$0(BaseJDTLanguageServer.java:75)
	at java.base/java.util.concurrent.CompletableFuture$UniApply.tryFire(CompletableFuture.java:642)
	at java.base/java.util.concurrent.CompletableFuture$Completion.run(CompletableFuture.java:478)
	at java.base/java.lang.Thread.run(Thread.java:834)

[Error - 8:40:35 PM] Apr 28, 2022, 8:40:35 PM Index out of bounds
Index out of bounds
Java Model Exception: Java Model Status [Index out of bounds]
	at org.eclipse.jdt.internal.core.Openable.codeSelect(Openable.java:162)
	at org.eclipse.jdt.internal.core.CompilationUnit.codeSelect(CompilationUnit.java:389)
	at org.eclipse.jdt.internal.core.CompilationUnit.codeSelect(CompilationUnit.java:382)
	at org.eclipse.jdt.ls.core.internal.JDTUtils.findElementsAtSelection(JDTUtils.java:944)
	at org.eclipse.jdt.ls.core.internal.JDTUtils.findElementAtSelection(JDTUtils.java:925)
	at org.eclipse.jdt.ls.core.internal.text.correction.SourceAssistProcessor.getSourceActionCommands(SourceAssistProcessor.java:106)
	at org.eclipse.jdt.ls.core.internal.handlers.CodeActionHandler.getCodeActionCommands(CodeActionHandler.java:208)
	at org.eclipse.jdt.ls.core.internal.handlers.JDTLanguageServer.lambda$14(JDTLanguageServer.java:649)
	at org.eclipse.jdt.ls.core.internal.BaseJDTLanguageServer.lambda$0(BaseJDTLanguageServer.java:75)
	at java.base/java.util.concurrent.CompletableFuture$UniApply.tryFire(CompletableFuture.java:642)
	at java.base/java.util.concurrent.CompletableFuture$Completion.run(CompletableFuture.java:478)
	at java.base/java.lang.Thread.run(Thread.java:834)

[Error - 8:40:40 PM] Apr 28, 2022, 8:40:40 PM Index out of bounds
Index out of bounds
Java Model Exception: Java Model Status [Index out of bounds]
	at org.eclipse.jdt.internal.core.Openable.codeSelect(Openable.java:162)
	at org.eclipse.jdt.internal.core.CompilationUnit.codeSelect(CompilationUnit.java:389)
	at org.eclipse.jdt.internal.core.CompilationUnit.codeSelect(CompilationUnit.java:382)
	at org.eclipse.jdt.ls.core.internal.JDTUtils.findElementsAtSelection(JDTUtils.java:944)
	at org.eclipse.jdt.ls.core.internal.JDTUtils.findElementAtSelection(JDTUtils.java:925)
	at org.eclipse.jdt.ls.core.internal.text.correction.SourceAssistProcessor.getSourceActionCommands(SourceAssistProcessor.java:106)
	at org.eclipse.jdt.ls.core.internal.handlers.CodeActionHandler.getCodeActionCommands(CodeActionHandler.java:208)
	at org.eclipse.jdt.ls.core.internal.handlers.JDTLanguageServer.lambda$14(JDTLanguageServer.java:649)
	at org.eclipse.jdt.ls.core.internal.BaseJDTLanguageServer.lambda$0(BaseJDTLanguageServer.java:75)
	at java.base/java.util.concurrent.CompletableFuture$UniApply.tryFire(CompletableFuture.java:642)
	at java.base/java.util.concurrent.CompletableFuture$Completion.run(CompletableFuture.java:478)
	at java.base/java.lang.Thread.run(Thread.java:834)

[Error - 8:40:41 PM] Apr 28, 2022, 8:40:41 PM Index out of bounds
Index out of bounds
Java Model Exception: Java Model Status [Index out of bounds]
	at org.eclipse.jdt.internal.core.Openable.codeSelect(Openable.java:162)
	at org.eclipse.jdt.internal.core.CompilationUnit.codeSelect(CompilationUnit.java:389)
	at org.eclipse.jdt.internal.core.CompilationUnit.codeSelect(CompilationUnit.java:382)
	at org.eclipse.jdt.ls.core.internal.JDTUtils.findElementsAtSelection(JDTUtils.java:944)
	at org.eclipse.jdt.ls.core.internal.JDTUtils.findElementAtSelection(JDTUtils.java:925)
	at org.eclipse.jdt.ls.core.internal.text.correction.SourceAssistProcessor.getSourceActionCommands(SourceAssistProcessor.java:106)
	at org.eclipse.jdt.ls.core.internal.handlers.CodeActionHandler.getCodeActionCommands(CodeActionHandler.java:208)
	at org.eclipse.jdt.ls.core.internal.handlers.JDTLanguageServer.lambda$14(JDTLanguageServer.java:649)
	at org.eclipse.jdt.ls.core.internal.BaseJDTLanguageServer.lambda$0(BaseJDTLanguageServer.java:75)
	at java.base/java.util.concurrent.CompletableFuture$UniApply.tryFire(CompletableFuture.java:642)
	at java.base/java.util.concurrent.CompletableFuture$Completion.run(CompletableFuture.java:478)
	at java.base/java.lang.Thread.run(Thread.java:834)

[Error - 8:40:51 PM] Apr 28, 2022, 8:40:50 PM Index out of bounds
Index out of bounds
Java Model Exception: Java Model Status [Index out of bounds]
	at org.eclipse.jdt.internal.core.Openable.codeSelect(Openable.java:162)
	at org.eclipse.jdt.internal.core.CompilationUnit.codeSelect(CompilationUnit.java:389)
	at org.eclipse.jdt.internal.core.CompilationUnit.codeSelect(CompilationUnit.java:382)
	at org.eclipse.jdt.ls.core.internal.JDTUtils.findElementsAtSelection(JDTUtils.java:944)
	at org.eclipse.jdt.ls.core.internal.JDTUtils.findElementAtSelection(JDTUtils.java:925)
	at org.eclipse.jdt.ls.core.internal.text.correction.SourceAssistProcessor.getSourceActionCommands(SourceAssistProcessor.java:106)
	at org.eclipse.jdt.ls.core.internal.handlers.CodeActionHandler.getCodeActionCommands(CodeActionHandler.java:208)
	at org.eclipse.jdt.ls.core.internal.handlers.JDTLanguageServer.lambda$14(JDTLanguageServer.java:649)
	at org.eclipse.jdt.ls.core.internal.BaseJDTLanguageServer.lambda$0(BaseJDTLanguageServer.java:75)
	at java.base/java.util.concurrent.CompletableFuture$UniApply.tryFire(CompletableFuture.java:642)
	at java.base/java.util.concurrent.CompletableFuture$Completion.run(CompletableFuture.java:478)
	at java.base/java.lang.Thread.run(Thread.java:834)

[Error - 8:41:09 PM] Apr 28, 2022, 8:41:09 PM 
null
org.eclipse.jface.text.BadLocationException
	at org.eclipse.jface.text.ListLineTracker.getLineOffset(ListLineTracker.java:197)
	at org.eclipse.jface.text.AbstractLineTracker.getLineOffset(AbstractLineTracker.java:161)
	at org.eclipse.jface.text.AbstractDocument.getLineOffset(AbstractDocument.java:877)
	at org.eclipse.jdt.ls.core.internal.handlers.JsonRpcHelpers.toOffset(JsonRpcHelpers.java:85)
	at org.eclipse.jdt.ls.core.internal.handlers.JsonRpcHelpers.toOffset(JsonRpcHelpers.java:69)
	at org.eclipse.jdt.ls.core.internal.corrections.DiagnosticsHelper.getStartOffset(DiagnosticsHelper.java:53)
	at org.eclipse.jdt.ls.core.internal.handlers.CodeActionHandler.getCodeActionCommands(CodeActionHandler.java:127)
	at org.eclipse.jdt.ls.core.internal.handlers.JDTLanguageServer.lambda$14(JDTLanguageServer.java:649)
	at org.eclipse.jdt.ls.core.internal.BaseJDTLanguageServer.lambda$0(BaseJDTLanguageServer.java:75)
	at java.base/java.util.concurrent.CompletableFuture$UniApply.tryFire(CompletableFuture.java:642)
	at java.base/java.util.concurrent.CompletableFuture$Completion.run(CompletableFuture.java:478)
	at java.base/java.lang.Thread.run(Thread.java:834)

[Error - 8:41:09 PM] Apr 28, 2022, 8:41:09 PM 
null
org.eclipse.jface.text.BadLocationException
	at org.eclipse.jface.text.ListLineTracker.getLineOffset(ListLineTracker.java:197)
	at org.eclipse.jface.text.AbstractLineTracker.getLineOffset(AbstractLineTracker.java:161)
	at org.eclipse.jface.text.AbstractDocument.getLineOffset(AbstractDocument.java:877)
	at org.eclipse.jdt.ls.core.internal.handlers.JsonRpcHelpers.toOffset(JsonRpcHelpers.java:85)
	at org.eclipse.jdt.ls.core.internal.handlers.JsonRpcHelpers.toOffset(JsonRpcHelpers.java:69)
	at org.eclipse.jdt.ls.core.internal.corrections.DiagnosticsHelper.getEndOffset(DiagnosticsHelper.java:38)
	at org.eclipse.jdt.ls.core.internal.handlers.CodeActionHandler.getCodeActionCommands(CodeActionHandler.java:128)
	at org.eclipse.jdt.ls.core.internal.handlers.JDTLanguageServer.lambda$14(JDTLanguageServer.java:649)
	at org.eclipse.jdt.ls.core.internal.BaseJDTLanguageServer.lambda$0(BaseJDTLanguageServer.java:75)
	at java.base/java.util.concurrent.CompletableFuture$UniApply.tryFire(CompletableFuture.java:642)
	at java.base/java.util.concurrent.CompletableFuture$Completion.run(CompletableFuture.java:478)
	at java.base/java.lang.Thread.run(Thread.java:834)

[Error - 8:41:09 PM] Apr 28, 2022, 8:41:09 PM 
null
org.eclipse.jface.text.BadLocationException
	at org.eclipse.jface.text.ListLineTracker.getLineOffset(ListLineTracker.java:197)
	at org.eclipse.jface.text.AbstractLineTracker.getLineOffset(AbstractLineTracker.java:161)
	at org.eclipse.jface.text.AbstractDocument.getLineOffset(AbstractDocument.java:877)
	at org.eclipse.jdt.ls.core.internal.handlers.JsonRpcHelpers.toOffset(JsonRpcHelpers.java:85)
	at org.eclipse.jdt.ls.core.internal.handlers.JsonRpcHelpers.toOffset(JsonRpcHelpers.java:69)
	at org.eclipse.jdt.ls.core.internal.JDTUtils.findElementsAtSelection(JDTUtils.java:939)
	at org.eclipse.jdt.ls.core.internal.JDTUtils.findElementAtSelection(JDTUtils.java:925)
	at org.eclipse.jdt.ls.core.internal.text.correction.SourceAssistProcessor.getSourceActionCommands(SourceAssistProcessor.java:106)
	at org.eclipse.jdt.ls.core.internal.handlers.CodeActionHandler.getCodeActionCommands(CodeActionHandler.java:208)
	at org.eclipse.jdt.ls.core.internal.handlers.JDTLanguageServer.lambda$14(JDTLanguageServer.java:649)
	at org.eclipse.jdt.ls.core.internal.BaseJDTLanguageServer.lambda$0(BaseJDTLanguageServer.java:75)
	at java.base/java.util.concurrent.CompletableFuture$UniApply.tryFire(CompletableFuture.java:642)
	at java.base/java.util.concurrent.CompletableFuture$Completion.run(CompletableFuture.java:478)
	at java.base/java.lang.Thread.run(Thread.java:834)

[Error - 8:41:10 PM] Apr 28, 2022, 8:41:10 PM 
null
org.eclipse.jface.text.BadLocationException
	at org.eclipse.jface.text.ListLineTracker.getLineOffset(ListLineTracker.java:197)
	at org.eclipse.jface.text.AbstractLineTracker.getLineOffset(AbstractLineTracker.java:161)
	at org.eclipse.jface.text.AbstractDocument.getLineOffset(AbstractDocument.java:877)
	at org.eclipse.jdt.ls.core.internal.handlers.JsonRpcHelpers.toOffset(JsonRpcHelpers.java:85)
	at org.eclipse.jdt.ls.core.internal.handlers.JsonRpcHelpers.toOffset(JsonRpcHelpers.java:69)
	at org.eclipse.jdt.ls.core.internal.corrections.DiagnosticsHelper.getStartOffset(DiagnosticsHelper.java:53)
	at org.eclipse.jdt.ls.core.internal.handlers.CodeGenerationUtils.findElementAfterPosition(CodeGenerationUtils.java:108)
	at org.eclipse.jdt.ls.core.internal.handlers.CodeGenerationUtils.findInsertElement(CodeGenerationUtils.java:44)
	at org.eclipse.jdt.ls.core.internal.handlers.GenerateConstructorsHandler.generateConstructors(GenerateConstructorsHandler.java:167)
	at org.eclipse.jdt.ls.core.internal.handlers.GenerateConstructorsHandler.generateConstructors(GenerateConstructorsHandler.java:145)
	at org.eclipse.jdt.ls.core.internal.text.correction.SourceAssistProcessor.lambda$5(SourceAssistProcessor.java:367)
	at org.eclipse.jdt.ls.core.internal.text.correction.SourceAssistProcessor.getCodeActionFromProposal(SourceAssistProcessor.java:458)
	at org.eclipse.jdt.ls.core.internal.text.correction.SourceAssistProcessor.getGenerateConstructorsAction(SourceAssistProcessor.java:370)
	at org.eclipse.jdt.ls.core.internal.text.correction.SourceAssistProcessor.getSourceActionCommands(SourceAssistProcessor.java:169)
	at org.eclipse.jdt.ls.core.internal.handlers.CodeActionHandler.getCodeActionCommands(CodeActionHandler.java:208)
	at org.eclipse.jdt.ls.core.internal.handlers.JDTLanguageServer.lambda$14(JDTLanguageServer.java:649)
	at org.eclipse.jdt.ls.core.internal.BaseJDTLanguageServer.lambda$0(BaseJDTLanguageServer.java:75)
	at java.base/java.util.concurrent.CompletableFuture$UniApply.tryFire(CompletableFuture.java:642)
	at java.base/java.util.concurrent.CompletableFuture$Completion.run(CompletableFuture.java:478)
	at java.base/java.lang.Thread.run(Thread.java:834)

[Error - 8:41:12 PM] Apr 28, 2022, 8:41:12 PM 
null
org.eclipse.jface.text.BadLocationException
	at org.eclipse.jface.text.ListLineTracker.getLineOffset(ListLineTracker.java:197)
	at org.eclipse.jface.text.AbstractLineTracker.getLineOffset(AbstractLineTracker.java:161)
	at org.eclipse.jface.text.AbstractDocument.getLineOffset(AbstractDocument.java:877)
	at org.eclipse.jdt.ls.core.internal.handlers.JsonRpcHelpers.toOffset(JsonRpcHelpers.java:85)
	at org.eclipse.jdt.ls.core.internal.handlers.JsonRpcHelpers.toOffset(JsonRpcHelpers.java:69)
	at org.eclipse.jdt.ls.core.internal.corrections.DiagnosticsHelper.getStartOffset(DiagnosticsHelper.java:53)
	at org.eclipse.jdt.ls.core.internal.handlers.CodeActionHandler.getCodeActionCommands(CodeActionHandler.java:127)
	at org.eclipse.jdt.ls.core.internal.handlers.JDTLanguageServer.lambda$14(JDTLanguageServer.java:649)
	at org.eclipse.jdt.ls.core.internal.BaseJDTLanguageServer.lambda$0(BaseJDTLanguageServer.java:75)
	at java.base/java.util.concurrent.CompletableFuture$UniApply.tryFire(CompletableFuture.java:642)
	at java.base/java.util.concurrent.CompletableFuture$Completion.run(CompletableFuture.java:478)
	at java.base/java.lang.Thread.run(Thread.java:834)

[Error - 8:41:12 PM] Apr 28, 2022, 8:41:12 PM 
null
org.eclipse.jface.text.BadLocationException
	at org.eclipse.jface.text.ListLineTracker.getLineOffset(ListLineTracker.java:197)
	at org.eclipse.jface.text.AbstractLineTracker.getLineOffset(AbstractLineTracker.java:161)
	at org.eclipse.jface.text.AbstractDocument.getLineOffset(AbstractDocument.java:877)
	at org.eclipse.jdt.ls.core.internal.handlers.JsonRpcHelpers.toOffset(JsonRpcHelpers.java:85)
	at org.eclipse.jdt.ls.core.internal.handlers.JsonRpcHelpers.toOffset(JsonRpcHelpers.java:69)
	at org.eclipse.jdt.ls.core.internal.corrections.DiagnosticsHelper.getEndOffset(DiagnosticsHelper.java:38)
	at org.eclipse.jdt.ls.core.internal.handlers.CodeActionHandler.getCodeActionCommands(CodeActionHandler.java:128)
	at org.eclipse.jdt.ls.core.internal.handlers.JDTLanguageServer.lambda$14(JDTLanguageServer.java:649)
	at org.eclipse.jdt.ls.core.internal.BaseJDTLanguageServer.lambda$0(BaseJDTLanguageServer.java:75)
	at java.base/java.util.concurrent.CompletableFuture$UniApply.tryFire(CompletableFuture.java:642)
	at java.base/java.util.concurrent.CompletableFuture$Completion.run(CompletableFuture.java:478)
	at java.base/java.lang.Thread.run(Thread.java:834)

[Error - 8:41:12 PM] Apr 28, 2022, 8:41:12 PM 
null
org.eclipse.jface.text.BadLocationException
	at org.eclipse.jface.text.ListLineTracker.getLineOffset(ListLineTracker.java:197)
	at org.eclipse.jface.text.AbstractLineTracker.getLineOffset(AbstractLineTracker.java:161)
	at org.eclipse.jface.text.AbstractDocument.getLineOffset(AbstractDocument.java:877)
	at org.eclipse.jdt.ls.core.internal.handlers.JsonRpcHelpers.toOffset(JsonRpcHelpers.java:85)
	at org.eclipse.jdt.ls.core.internal.handlers.JsonRpcHelpers.toOffset(JsonRpcHelpers.java:69)
	at org.eclipse.jdt.ls.core.internal.JDTUtils.findElementsAtSelection(JDTUtils.java:939)
	at org.eclipse.jdt.ls.core.internal.JDTUtils.findElementAtSelection(JDTUtils.java:925)
	at org.eclipse.jdt.ls.core.internal.text.correction.SourceAssistProcessor.getSourceActionCommands(SourceAssistProcessor.java:106)
	at org.eclipse.jdt.ls.core.internal.handlers.CodeActionHandler.getCodeActionCommands(CodeActionHandler.java:208)
	at org.eclipse.jdt.ls.core.internal.handlers.JDTLanguageServer.lambda$14(JDTLanguageServer.java:649)
	at org.eclipse.jdt.ls.core.internal.BaseJDTLanguageServer.lambda$0(BaseJDTLanguageServer.java:75)
	at java.base/java.util.concurrent.CompletableFuture$UniApply.tryFire(CompletableFuture.java:642)
	at java.base/java.util.concurrent.CompletableFuture$Completion.run(CompletableFuture.java:478)
	at java.base/java.lang.Thread.run(Thread.java:834)

[Error - 8:41:12 PM] Apr 28, 2022, 8:41:12 PM 
null
org.eclipse.jface.text.BadLocationException
	at org.eclipse.jface.text.ListLineTracker.getLineOffset(ListLineTracker.java:197)
	at org.eclipse.jface.text.AbstractLineTracker.getLineOffset(AbstractLineTracker.java:161)
	at org.eclipse.jface.text.AbstractDocument.getLineOffset(AbstractDocument.java:877)
	at org.eclipse.jdt.ls.core.internal.handlers.JsonRpcHelpers.toOffset(JsonRpcHelpers.java:85)
	at org.eclipse.jdt.ls.core.internal.handlers.JsonRpcHelpers.toOffset(JsonRpcHelpers.java:69)
	at org.eclipse.jdt.ls.core.internal.corrections.DiagnosticsHelper.getStartOffset(DiagnosticsHelper.java:53)
	at org.eclipse.jdt.ls.core.internal.handlers.CodeGenerationUtils.findElementAfterPosition(CodeGenerationUtils.java:108)
	at org.eclipse.jdt.ls.core.internal.handlers.CodeGenerationUtils.findInsertElement(CodeGenerationUtils.java:44)
	at org.eclipse.jdt.ls.core.internal.handlers.GenerateConstructorsHandler.generateConstructors(GenerateConstructorsHandler.java:167)
	at org.eclipse.jdt.ls.core.internal.handlers.GenerateConstructorsHandler.generateConstructors(GenerateConstructorsHandler.java:145)
	at org.eclipse.jdt.ls.core.internal.text.correction.SourceAssistProcessor.lambda$5(SourceAssistProcessor.java:367)
	at org.eclipse.jdt.ls.core.internal.text.correction.SourceAssistProcessor.getCodeActionFromProposal(SourceAssistProcessor.java:458)
	at org.eclipse.jdt.ls.core.internal.text.correction.SourceAssistProcessor.getGenerateConstructorsAction(SourceAssistProcessor.java:370)
	at org.eclipse.jdt.ls.core.internal.text.correction.SourceAssistProcessor.getSourceActionCommands(SourceAssistProcessor.java:169)
	at org.eclipse.jdt.ls.core.internal.handlers.CodeActionHandler.getCodeActionCommands(CodeActionHandler.java:208)
	at org.eclipse.jdt.ls.core.internal.handlers.JDTLanguageServer.lambda$14(JDTLanguageServer.java:649)
	at org.eclipse.jdt.ls.core.internal.BaseJDTLanguageServer.lambda$0(BaseJDTLanguageServer.java:75)
	at java.base/java.util.concurrent.CompletableFuture$UniApply.tryFire(CompletableFuture.java:642)
	at java.base/java.util.concurrent.CompletableFuture$Completion.run(CompletableFuture.java:478)
	at java.base/java.lang.Thread.run(Thread.java:834)

[Error - 8:41:19 PM] Apr 28, 2022, 8:41:19 PM Index out of bounds
Index out of bounds
Java Model Exception: Java Model Status [Index out of bounds]
	at org.eclipse.jdt.internal.core.Openable.codeSelect(Openable.java:162)
	at org.eclipse.jdt.internal.core.CompilationUnit.codeSelect(CompilationUnit.java:389)
	at org.eclipse.jdt.internal.core.CompilationUnit.codeSelect(CompilationUnit.java:382)
	at org.eclipse.jdt.ls.core.internal.JDTUtils.findElementsAtSelection(JDTUtils.java:944)
	at org.eclipse.jdt.ls.core.internal.JDTUtils.findElementAtSelection(JDTUtils.java:925)
	at org.eclipse.jdt.ls.core.internal.text.correction.SourceAssistProcessor.getSourceActionCommands(SourceAssistProcessor.java:106)
	at org.eclipse.jdt.ls.core.internal.handlers.CodeActionHandler.getCodeActionCommands(CodeActionHandler.java:208)
	at org.eclipse.jdt.ls.core.internal.handlers.JDTLanguageServer.lambda$14(JDTLanguageServer.java:649)
	at org.eclipse.jdt.ls.core.internal.BaseJDTLanguageServer.lambda$0(BaseJDTLanguageServer.java:75)
	at java.base/java.util.concurrent.CompletableFuture$UniApply.tryFire(CompletableFuture.java:642)
	at java.base/java.util.concurrent.CompletableFuture$Completion.run(CompletableFuture.java:478)
	at java.base/java.lang.Thread.run(Thread.java:834)

[Error - 8:42:55 PM] Apr 28, 2022, 8:42:55 PM Index out of bounds
Index out of bounds
Java Model Exception: Java Model Status [Index out of bounds]
	at org.eclipse.jdt.internal.core.Openable.codeSelect(Openable.java:162)
	at org.eclipse.jdt.internal.core.CompilationUnit.codeSelect(CompilationUnit.java:389)
	at org.eclipse.jdt.internal.core.CompilationUnit.codeSelect(CompilationUnit.java:382)
	at org.eclipse.jdt.ls.core.internal.JDTUtils.findElementsAtSelection(JDTUtils.java:944)
	at org.eclipse.jdt.ls.core.internal.JDTUtils.findElementAtSelection(JDTUtils.java:925)
	at org.eclipse.jdt.ls.core.internal.text.correction.SourceAssistProcessor.getSourceActionCommands(SourceAssistProcessor.java:106)
	at org.eclipse.jdt.ls.core.internal.handlers.CodeActionHandler.getCodeActionCommands(CodeActionHandler.java:208)
	at org.eclipse.jdt.ls.core.internal.handlers.JDTLanguageServer.lambda$14(JDTLanguageServer.java:649)
	at org.eclipse.jdt.ls.core.internal.BaseJDTLanguageServer.lambda$0(BaseJDTLanguageServer.java:75)
	at java.base/java.util.concurrent.CompletableFuture$UniApply.tryFire(CompletableFuture.java:642)
	at java.base/java.util.concurrent.CompletableFuture$Completion.run(CompletableFuture.java:478)
	at java.base/java.lang.Thread.run(Thread.java:834)

[Error - 8:42:56 PM] Apr 28, 2022, 8:42:56 PM Index out of bounds
Index out of bounds
Java Model Exception: Java Model Status [Index out of bounds]
	at org.eclipse.jdt.internal.core.Openable.codeSelect(Openable.java:162)
	at org.eclipse.jdt.internal.core.CompilationUnit.codeSelect(CompilationUnit.java:389)
	at org.eclipse.jdt.internal.core.CompilationUnit.codeSelect(CompilationUnit.java:382)
	at org.eclipse.jdt.ls.core.internal.JDTUtils.findElementsAtSelection(JDTUtils.java:944)
	at org.eclipse.jdt.ls.core.internal.JDTUtils.findElementAtSelection(JDTUtils.java:925)
	at org.eclipse.jdt.ls.core.internal.text.correction.SourceAssistProcessor.getSourceActionCommands(SourceAssistProcessor.java:106)
	at org.eclipse.jdt.ls.core.internal.handlers.CodeActionHandler.getCodeActionCommands(CodeActionHandler.java:208)
	at org.eclipse.jdt.ls.core.internal.handlers.JDTLanguageServer.lambda$14(JDTLanguageServer.java:649)
	at org.eclipse.jdt.ls.core.internal.BaseJDTLanguageServer.lambda$0(BaseJDTLanguageServer.java:75)
	at java.base/java.util.concurrent.CompletableFuture$UniApply.tryFire(CompletableFuture.java:642)
	at java.base/java.util.concurrent.CompletableFuture$Completion.run(CompletableFuture.java:478)
	at java.base/java.lang.Thread.run(Thread.java:834)

[Error - 8:45:24 PM] Apr 28, 2022, 8:45:24 PM Index out of bounds
Index out of bounds
Java Model Exception: Java Model Status [Index out of bounds]
	at org.eclipse.jdt.internal.core.Openable.codeSelect(Openable.java:162)
	at org.eclipse.jdt.internal.core.CompilationUnit.codeSelect(CompilationUnit.java:389)
	at org.eclipse.jdt.internal.core.CompilationUnit.codeSelect(CompilationUnit.java:382)
	at org.eclipse.jdt.ls.core.internal.JDTUtils.findElementsAtSelection(JDTUtils.java:944)
	at org.eclipse.jdt.ls.core.internal.JDTUtils.findElementAtSelection(JDTUtils.java:925)
	at org.eclipse.jdt.ls.core.internal.text.correction.SourceAssistProcessor.getSourceActionCommands(SourceAssistProcessor.java:106)
	at org.eclipse.jdt.ls.core.internal.handlers.CodeActionHandler.getCodeActionCommands(CodeActionHandler.java:208)
	at org.eclipse.jdt.ls.core.internal.handlers.JDTLanguageServer.lambda$14(JDTLanguageServer.java:649)
	at org.eclipse.jdt.ls.core.internal.BaseJDTLanguageServer.lambda$0(BaseJDTLanguageServer.java:75)
	at java.base/java.util.concurrent.CompletableFuture$UniApply.tryFire(CompletableFuture.java:642)
	at java.base/java.util.concurrent.CompletableFuture$Completion.run(CompletableFuture.java:478)
	at java.base/java.lang.Thread.run(Thread.java:834)

[Error - 8:49:16 PM] Apr 28, 2022, 8:49:16 PM Index out of bounds
Index out of bounds
Java Model Exception: Java Model Status [Index out of bounds]
	at org.eclipse.jdt.internal.core.Openable.codeSelect(Openable.java:162)
	at org.eclipse.jdt.internal.core.CompilationUnit.codeSelect(CompilationUnit.java:389)
	at org.eclipse.jdt.internal.core.CompilationUnit.codeSelect(CompilationUnit.java:382)
	at org.eclipse.jdt.ls.core.internal.JDTUtils.findElementsAtSelection(JDTUtils.java:944)
	at org.eclipse.jdt.ls.core.internal.JDTUtils.findElementAtSelection(JDTUtils.java:925)
	at org.eclipse.jdt.ls.core.internal.text.correction.SourceAssistProcessor.getSourceActionCommands(SourceAssistProcessor.java:106)
	at org.eclipse.jdt.ls.core.internal.handlers.CodeActionHandler.getCodeActionCommands(CodeActionHandler.java:208)
	at org.eclipse.jdt.ls.core.internal.handlers.JDTLanguageServer.lambda$14(JDTLanguageServer.java:649)
	at org.eclipse.jdt.ls.core.internal.BaseJDTLanguageServer.lambda$0(BaseJDTLanguageServer.java:75)
	at java.base/java.util.concurrent.CompletableFuture$UniApply.tryFire(CompletableFuture.java:642)
	at java.base/java.util.concurrent.CompletableFuture$Completion.run(CompletableFuture.java:478)
	at java.base/java.lang.Thread.run(Thread.java:834)

[Error - 8:49:17 PM] Apr 28, 2022, 8:49:17 PM 
null
org.eclipse.jface.text.BadLocationException
	at org.eclipse.jface.text.ListLineTracker.getLineOffset(ListLineTracker.java:197)
	at org.eclipse.jface.text.AbstractLineTracker.getLineOffset(AbstractLineTracker.java:161)
	at org.eclipse.jface.text.AbstractDocument.getLineOffset(AbstractDocument.java:877)
	at org.eclipse.jdt.ls.core.internal.handlers.JsonRpcHelpers.toOffset(JsonRpcHelpers.java:85)
	at org.eclipse.jdt.ls.core.internal.handlers.JsonRpcHelpers.toOffset(JsonRpcHelpers.java:69)
	at org.eclipse.jdt.ls.core.internal.corrections.DiagnosticsHelper.getStartOffset(DiagnosticsHelper.java:53)
	at org.eclipse.jdt.ls.core.internal.handlers.CodeActionHandler.getCodeActionCommands(CodeActionHandler.java:127)
	at org.eclipse.jdt.ls.core.internal.handlers.JDTLanguageServer.lambda$14(JDTLanguageServer.java:649)
	at org.eclipse.jdt.ls.core.internal.BaseJDTLanguageServer.lambda$0(BaseJDTLanguageServer.java:75)
	at java.base/java.util.concurrent.CompletableFuture$UniApply.tryFire(CompletableFuture.java:642)
	at java.base/java.util.concurrent.CompletableFuture$Completion.run(CompletableFuture.java:478)
	at java.base/java.lang.Thread.run(Thread.java:834)

[Error - 8:49:17 PM] Apr 28, 2022, 8:49:17 PM 
null
org.eclipse.jface.text.BadLocationException
	at org.eclipse.jface.text.ListLineTracker.getLineOffset(ListLineTracker.java:197)
	at org.eclipse.jface.text.AbstractLineTracker.getLineOffset(AbstractLineTracker.java:161)
	at org.eclipse.jface.text.AbstractDocument.getLineOffset(AbstractDocument.java:877)
	at org.eclipse.jdt.ls.core.internal.handlers.JsonRpcHelpers.toOffset(JsonRpcHelpers.java:85)
	at org.eclipse.jdt.ls.core.internal.handlers.JsonRpcHelpers.toOffset(JsonRpcHelpers.java:69)
	at org.eclipse.jdt.ls.core.internal.corrections.DiagnosticsHelper.getEndOffset(DiagnosticsHelper.java:38)
	at org.eclipse.jdt.ls.core.internal.handlers.CodeActionHandler.getCodeActionCommands(CodeActionHandler.java:128)
	at org.eclipse.jdt.ls.core.internal.handlers.JDTLanguageServer.lambda$14(JDTLanguageServer.java:649)
	at org.eclipse.jdt.ls.core.internal.BaseJDTLanguageServer.lambda$0(BaseJDTLanguageServer.java:75)
	at java.base/java.util.concurrent.CompletableFuture$UniApply.tryFire(CompletableFuture.java:642)
	at java.base/java.util.concurrent.CompletableFuture$Completion.run(CompletableFuture.java:478)
	at java.base/java.lang.Thread.run(Thread.java:834)

[Error - 8:49:17 PM] Apr 28, 2022, 8:49:17 PM 
null
org.eclipse.jface.text.BadLocationException
	at org.eclipse.jface.text.ListLineTracker.getLineOffset(ListLineTracker.java:197)
	at org.eclipse.jface.text.AbstractLineTracker.getLineOffset(AbstractLineTracker.java:161)
	at org.eclipse.jface.text.AbstractDocument.getLineOffset(AbstractDocument.java:877)
	at org.eclipse.jdt.ls.core.internal.handlers.JsonRpcHelpers.toOffset(JsonRpcHelpers.java:85)
	at org.eclipse.jdt.ls.core.internal.handlers.JsonRpcHelpers.toOffset(JsonRpcHelpers.java:69)
	at org.eclipse.jdt.ls.core.internal.JDTUtils.findElementsAtSelection(JDTUtils.java:939)
	at org.eclipse.jdt.ls.core.internal.JDTUtils.findElementAtSelection(JDTUtils.java:925)
	at org.eclipse.jdt.ls.core.internal.text.correction.SourceAssistProcessor.getSourceActionCommands(SourceAssistProcessor.java:106)
	at org.eclipse.jdt.ls.core.internal.handlers.CodeActionHandler.getCodeActionCommands(CodeActionHandler.java:208)
	at org.eclipse.jdt.ls.core.internal.handlers.JDTLanguageServer.lambda$14(JDTLanguageServer.java:649)
	at org.eclipse.jdt.ls.core.internal.BaseJDTLanguageServer.lambda$0(BaseJDTLanguageServer.java:75)
	at java.base/java.util.concurrent.CompletableFuture$UniApply.tryFire(CompletableFuture.java:642)
	at java.base/java.util.concurrent.CompletableFuture$Completion.run(CompletableFuture.java:478)
	at java.base/java.lang.Thread.run(Thread.java:834)

[Error - 8:49:17 PM] Apr 28, 2022, 8:49:17 PM 
null
org.eclipse.jface.text.BadLocationException
	at org.eclipse.jface.text.ListLineTracker.getLineOffset(ListLineTracker.java:197)
	at org.eclipse.jface.text.AbstractLineTracker.getLineOffset(AbstractLineTracker.java:161)
	at org.eclipse.jface.text.AbstractDocument.getLineOffset(AbstractDocument.java:877)
	at org.eclipse.jdt.ls.core.internal.handlers.JsonRpcHelpers.toOffset(JsonRpcHelpers.java:85)
	at org.eclipse.jdt.ls.core.internal.handlers.JsonRpcHelpers.toOffset(JsonRpcHelpers.java:69)
	at org.eclipse.jdt.ls.core.internal.corrections.DiagnosticsHelper.getStartOffset(DiagnosticsHelper.java:53)
	at org.eclipse.jdt.ls.core.internal.handlers.CodeGenerationUtils.findElementAfterPosition(CodeGenerationUtils.java:108)
	at org.eclipse.jdt.ls.core.internal.handlers.CodeGenerationUtils.findInsertElement(CodeGenerationUtils.java:44)
	at org.eclipse.jdt.ls.core.internal.handlers.GenerateConstructorsHandler.generateConstructors(GenerateConstructorsHandler.java:167)
	at org.eclipse.jdt.ls.core.internal.handlers.GenerateConstructorsHandler.generateConstructors(GenerateConstructorsHandler.java:145)
	at org.eclipse.jdt.ls.core.internal.text.correction.SourceAssistProcessor.lambda$5(SourceAssistProcessor.java:367)
	at org.eclipse.jdt.ls.core.internal.text.correction.SourceAssistProcessor.getCodeActionFromProposal(SourceAssistProcessor.java:458)
	at org.eclipse.jdt.ls.core.internal.text.correction.SourceAssistProcessor.getGenerateConstructorsAction(SourceAssistProcessor.java:370)
	at org.eclipse.jdt.ls.core.internal.text.correction.SourceAssistProcessor.getSourceActionCommands(SourceAssistProcessor.java:169)
	at org.eclipse.jdt.ls.core.internal.handlers.CodeActionHandler.getCodeActionCommands(CodeActionHandler.java:208)
	at org.eclipse.jdt.ls.core.internal.handlers.JDTLanguageServer.lambda$14(JDTLanguageServer.java:649)
	at org.eclipse.jdt.ls.core.internal.BaseJDTLanguageServer.lambda$0(BaseJDTLanguageServer.java:75)
	at java.base/java.util.concurrent.CompletableFuture$UniApply.tryFire(CompletableFuture.java:642)
	at java.base/java.util.concurrent.CompletableFuture$Completion.run(CompletableFuture.java:478)
	at java.base/java.lang.Thread.run(Thread.java:834)

